Ex1 (OOP) Simulator log: stage /Users/ofirrubin/PycharmProjects/OOP-Ex1/Ex1_input/Ex1_Buildings/B2.json,  /Users/ofirrubin/PycharmProjects/OOP-Ex1/Ex1_output/b2_cA.csv
0.0,OOP_Ex1_Elevator_Simulator
0.0,Simulated Building, Building [-2,10]
0) ex1.Elevator_A, Elev_, id,0,  speed, 1.0, open: 2.0,  start: 3.0, close: 2.0,  stop: 3.0
1) ex1.Elevator_A, Elev_, id,1,  speed, 2.0, open: 2.0,  start: 3.0, close: 2.0,  stop: 3.0

0.0,Simulated Period starTime,0.0,  endTime,1104.1840186,  dt,1.0
0.0,Simulated  calls,Elevator log, size: 100
0.0,**** Simulation starts!! ****
5.0,Elevator call,4.37472729,0,-1,1,1, got allocated to elevator, 1
5.0,Elev,1,  arrived at src, 0, Elevator call,4.37472729,0,-1,2,1
5.0, elevID,1,  pos,0,  cmd, goto,-1
16.0,Elev,1,  arrived at dest, -1, this call is done!, Elevator call,4.37472729,0,-1,3,1, Done, dt, 11.62527271
17.0,Elevator call,16.95788289,-1,0,1,1, got allocated to elevator, 1
17.0,Elev,1,  arrived at src, -1, Elevator call,16.95788289,-1,0,2,1
17.0, elevID,1,  pos,-1,  cmd, goto,0
23.0,Elevator call,22.0940563,0,-1,1,0, got allocated to elevator, 0
23.0,Elev,0,  arrived at src, 0, Elevator call,22.0940563,0,-1,2,0
23.0, elevID,0,  pos,0,  cmd, goto,-1
28.0,Elev,1,  arrived at dest, 0, this call is done!, Elevator call,16.95788289,-1,0,3,1, Done, dt, 11.04211711
34.0,Elev,0,  arrived at dest, -1, this call is done!, Elevator call,22.0940563,0,-1,3,0, Done, dt, 11.905943700000002
86.0,Elevator call,85.52096662,3,2,1,1, got allocated to elevator, 1
86.0, elevID,1,  pos,0,  cmd, goto,3
92.0,Elevator call,91.21019413,-1,-2,1,0, got allocated to elevator, 0
92.0,Elev,0,  arrived at src, -1, Elevator call,91.21019413,-1,-2,2,0
92.0, elevID,0,  pos,-1,  cmd, goto,-2
98.0,Elev,1,  arrived at src, 3, Elevator call,85.52096662,3,2,2,1
98.0, elevID,1,  pos,3,  cmd, goto,2
103.0,Elev,0,  arrived at dest, -2, this call is done!, Elevator call,91.21019413,-1,-2,3,0, Done, dt, 11.789805869999995
105.0,Elevator call,104.1370124,0,4,1,1, got allocated to elevator, 1
109.0,Elev,1,  arrived at dest, 2, this call is done!, Elevator call,85.52096662,3,2,3,1, Done, dt, 23.479033380000004
109.0, elevID,1,  pos,2,  cmd, goto,0
110.0,Elevator call,109.2135291,-1,0,1,0, got allocated to elevator, 0
110.0, elevID,0,  pos,-2,  cmd, goto,-1
115.0,Elevator call,114.392351,3,0,1,0, got allocated to elevator, 0
120.0,Elev,1,  arrived at src, 0, Elevator call,104.1370124,0,4,2,1
120.0, elevID,1,  pos,0,  cmd, goto,4
121.0,Elev,0,  arrived at src, -1, Elevator call,109.2135291,-1,0,2,0
121.0, elevID,0,  pos,-1,  cmd, goto,0
125.0,Elevator call,124.425571,0,9,1,1, got allocated to elevator, 1
125.0, elevID,1,  pos,0,  cmd, stop,0
130.0,Elev,1,  arrived at src, 0, Elevator call,124.425571,0,9,2,1
130.0, elevID,1,  pos,0,  cmd, goto,4
131.0,Elevator call,130.0249568,8,10,1,0, got allocated to elevator, 0
131.0,Elevator call,130.2249113,-1,1,1,0, got allocated to elevator, 0
132.0,Elev,0,  arrived at dest, 0, this call is done!, Elevator call,109.2135291,-1,0,3,0, Done, dt, 22.786470899999998
132.0, elevID,0,  pos,0,  cmd, goto,3
138.0,Elevator call,137.9515274,0,4,1,0, got allocated to elevator, 0
142.0,Elev,1,  arrived at dest, 4, this call is done!, Elevator call,104.1370124,0,4,3,1, Done, dt, 37.8629876
142.0, elevID,1,  pos,4,  cmd, goto,9
144.0,Elevator call,143.9133584,0,6,1,1, got allocated to elevator, 1
145.0,Elev,0,  arrived at src, 3, Elevator call,114.392351,3,0,2,0
145.0, elevID,0,  pos,3,  cmd, goto,8
155.0,Elev,1,  arrived at dest, 9, this call is done!, Elevator call,124.425571,0,9,3,1, Done, dt, 30.574428999999995
155.0, elevID,1,  pos,9,  cmd, goto,0
160.0,Elev,0,  arrived at src, 8, Elevator call,130.0249568,8,10,2,0
160.0, elevID,0,  pos,8,  cmd, goto,10
170.0,Elevator call,169.7845834,-1,0,1,1, got allocated to elevator, 1
170.0,Elev,1,  arrived at src, 0, Elevator call,143.9133584,0,6,2,1
170.0, elevID,1,  pos,0,  cmd, goto,-1
171.0,Elevator call,170.0099621,0,6,1,0, got allocated to elevator, 0
172.0,Elevator call,171.2117332,-1,8,1,1, got allocated to elevator, 1
172.0,Elev,0,  arrived at dest, 10, this call is done!, Elevator call,130.0249568,8,10,3,0, Done, dt, 41.97504319999999
172.0, elevID,0,  pos,10,  cmd, goto,0
175.0,Elevator call,174.8438515,0,-1,1,0, got allocated to elevator, 0
181.0,Elev,1,  arrived at src, -1, Elevator call,169.7845834,-1,0,2,1
181.0,Elev,1,  arrived at src, -1, Elevator call,171.2117332,-1,8,2,1
181.0, elevID,1,  pos,-1,  cmd, goto,0
188.0,Elevator call,187.1167862,-1,-2,1,1, got allocated to elevator, 1
188.0,Elevator call,187.7299318,-1,-2,1,0, got allocated to elevator, 0
192.0,Elev,0,  arrived at dest, 0, this call is done!, Elevator call,114.392351,3,0,3,0, Done, dt, 77.607649
192.0,Elev,0,  arrived at src, 0, Elevator call,137.9515274,0,4,2,0
192.0,Elev,0,  arrived at src, 0, Elevator call,170.0099621,0,6,2,0
192.0,Elev,0,  arrived at src, 0, Elevator call,174.8438515,0,-1,2,0
192.0, elevID,0,  pos,0,  cmd, goto,-1
192.0,Elev,1,  arrived at dest, 0, this call is done!, Elevator call,169.7845834,-1,0,3,1, Done, dt, 22.215416599999998
192.0, elevID,1,  pos,0,  cmd, goto,6
196.0,Elevator call,195.9086965,0,7,1,0, got allocated to elevator, 0
, elevID,0,  pos,0,  cmd, stop,0
198.0,Elevator call,197.5359191,-1,1,1,0, got allocated to elevator, 0
202.0,Elev,0,  arrived at src, 0, Elevator call,195.9086965,0,7,2,0
202.0, elevID,0,  pos,0,  cmd, goto,-1
205.0,Elev,1,  arrived at dest, 6, this call is done!, Elevator call,143.9133584,0,6,3,1, Done, dt, 61.08664160000001
205.0, elevID,1,  pos,6,  cmd, goto,8
206.0,Elevator call,205.9895199,-1,0,1,1, got allocated to elevator, 1
213.0,Elev,0,  arrived at src, -1, Elevator call,130.2249113,-1,1,2,0
213.0,Elev,0,  arrived at dest, -1, this call is done!, Elevator call,174.8438515,0,-1,3,0, Done, dt, 38.1561485
213.0,Elev,0,  arrived at src, -1, Elevator call,187.7299318,-1,-2,2,0
213.0,Elev,0,  arrived at src, -1, Elevator call,197.5359191,-1,1,2,0
213.0, elevID,0,  pos,-1,  cmd, goto,-2
216.0,Elev,1,  arrived at dest, 8, this call is done!, Elevator call,171.2117332,-1,8,3,1, Done, dt, 44.7882668
216.0, elevID,1,  pos,8,  cmd, goto,-1
224.0,Elev,0,  arrived at dest, -2, this call is done!, Elevator call,187.7299318,-1,-2,3,0, Done, dt, 36.2700682
224.0, elevID,0,  pos,-2,  cmd, goto,1
228.0,Elevator call,227.0798305,-1,5,1,1, got allocated to elevator, 1
231.0,Elev,1,  arrived at src, -1, Elevator call,187.1167862,-1,-2,2,1
231.0,Elev,1,  arrived at src, -1, Elevator call,205.9895199,-1,0,2,1
231.0,Elev,1,  arrived at src, -1, Elevator call,227.0798305,-1,5,2,1
231.0, elevID,1,  pos,-1,  cmd, goto,-2
232.0,Elevator call,231.5157882,-1,0,1,0, got allocated to elevator, 0
233.0,Elevator call,232.9504362,0,-1,1,0, got allocated to elevator, 0
237.0,Elev,0,  arrived at dest, 1, this call is done!, Elevator call,130.2249113,-1,1,3,0, Done, dt, 106.7750887
237.0,Elev,0,  arrived at dest, 1, this call is done!, Elevator call,197.5359191,-1,1,3,0, Done, dt, 39.4640809
237.0, elevID,0,  pos,1,  cmd, goto,4
242.0,Elev,1,  arrived at dest, -2, this call is done!, Elevator call,187.1167862,-1,-2,3,1, Done, dt, 54.88321379999999
242.0, elevID,1,  pos,-2,  cmd, goto,0
250.0,Elev,0,  arrived at dest, 4, this call is done!, Elevator call,137.9515274,0,4,3,0, Done, dt, 112.0484726
250.0, elevID,0,  pos,4,  cmd, goto,6
252.0,Elevator call,251.1044469,-1,-2,1,1, got allocated to elevator, 1
252.0,Elevator call,251.2359335,0,9,1,1, got allocated to elevator, 1
253.0,Elev,1,  arrived at dest, 0, this call is done!, Elevator call,205.9895199,-1,0,3,1, Done, dt, 47.010480099999995
253.0,Elev,1,  arrived at src, 0, Elevator call,251.2359335,0,9,2,1
253.0, elevID,1,  pos,0,  cmd, goto,5
255.0,Elevator call,254.6977153,3,4,1,0, got allocated to elevator, 0
258.0,Elevator call,257.7974435,-1,0,1,0, got allocated to elevator, 0
262.0,Elev,0,  arrived at dest, 6, this call is done!, Elevator call,170.0099621,0,6,3,0, Done, dt, 91.9900379
262.0, elevID,0,  pos,6,  cmd, goto,7
266.0,Elev,1,  arrived at dest, 5, this call is done!, Elevator call,227.0798305,-1,5,3,1, Done, dt, 38.920169499999986
266.0, elevID,1,  pos,5,  cmd, goto,9
273.0,Elev,0,  arrived at dest, 7, this call is done!, Elevator call,195.9086965,0,7,3,0, Done, dt, 77.09130350000001
273.0, elevID,0,  pos,7,  cmd, goto,3
278.0,Elev,1,  arrived at dest, 9, this call is done!, Elevator call,251.2359335,0,9,3,1, Done, dt, 26.764066500000013
278.0, elevID,1,  pos,9,  cmd, goto,-1
287.0,Elev,0,  arrived at src, 3, Elevator call,254.6977153,3,4,2,0
287.0, elevID,0,  pos,3,  cmd, goto,0
293.0,Elev,1,  arrived at src, -1, Elevator call,251.1044469,-1,-2,2,1
293.0, elevID,1,  pos,-1,  cmd, goto,-2
296.0,Elevator call,295.7943357,0,1,1,1, got allocated to elevator, 1
300.0,Elev,0,  arrived at src, 0, Elevator call,232.9504362,0,-1,2,0
300.0, elevID,0,  pos,0,  cmd, goto,-1
304.0,Elev,1,  arrived at dest, -2, this call is done!, Elevator call,251.1044469,-1,-2,3,1, Done, dt, 52.8955531
304.0, elevID,1,  pos,-2,  cmd, goto,0
305.0,Elevator call,304.9984388,6,0,1,0, got allocated to elevator, 0
310.0,Elevator call,309.3005383,0,-1,1,1, got allocated to elevator, 1
311.0,Elev,0,  arrived at src, -1, Elevator call,231.5157882,-1,0,2,0
311.0,Elev,0,  arrived at dest, -1, this call is done!, Elevator call,232.9504362,0,-1,3,0, Done, dt, 78.04956379999999
311.0,Elev,0,  arrived at src, -1, Elevator call,257.7974435,-1,0,2,0
311.0, elevID,0,  pos,-1,  cmd, goto,0
313.0,Elevator call,312.3018556,0,-1,1,0, got allocated to elevator, 0
315.0,Elev,1,  arrived at src, 0, Elevator call,295.7943357,0,1,2,1
315.0,Elev,1,  arrived at src, 0, Elevator call,309.3005383,0,-1,2,1
315.0, elevID,1,  pos,0,  cmd, goto,1
317.0,Elevator call,316.0323783,0,-1,1,0, got allocated to elevator, 0
320.0,Elevator call,319.905202,6,5,1,1, got allocated to elevator, 1
321.0,Elevator call,320.9760749,-1,0,1,0, got allocated to elevator, 0
322.0,Elevator call,321.370409,7,-1,1,0, got allocated to elevator, 0
322.0,Elev,0,  arrived at dest, 0, this call is done!, Elevator call,231.5157882,-1,0,3,0, Done, dt, 90.4842118
322.0,Elev,0,  arrived at dest, 0, this call is done!, Elevator call,257.7974435,-1,0,3,0, Done, dt, 64.20255650000001
322.0,Elev,0,  arrived at src, 0, Elevator call,312.3018556,0,-1,2,0
322.0,Elev,0,  arrived at src, 0, Elevator call,316.0323783,0,-1,2,0
322.0, elevID,0,  pos,0,  cmd, goto,4
326.0,Elev,1,  arrived at dest, 1, this call is done!, Elevator call,295.7943357,0,1,3,1, Done, dt, 30.205664300000024
326.0, elevID,1,  pos,1,  cmd, goto,6
333.0,Elevator call,332.4267319,0,10,1,1, got allocated to elevator, 1
336.0,Elev,0,  arrived at dest, 4, this call is done!, Elevator call,254.6977153,3,4,3,0, Done, dt, 81.3022847
336.0, elevID,0,  pos,4,  cmd, goto,6
337.0,Elevator call,336.9304305,-1,0,1,0, got allocated to elevator, 0
339.0,Elev,1,  arrived at src, 6, Elevator call,319.905202,6,5,2,1
339.0, elevID,1,  pos,6,  cmd, goto,5
348.0,Elev,0,  arrived at src, 6, Elevator call,304.9984388,6,0,2,0
348.0, elevID,0,  pos,6,  cmd, goto,7
350.0,Elev,1,  arrived at dest, 5, this call is done!, Elevator call,319.905202,6,5,3,1, Done, dt, 30.094798000000026
350.0, elevID,1,  pos,5,  cmd, goto,0
359.0,Elev,0,  arrived at src, 7, Elevator call,321.370409,7,-1,2,0
359.0, elevID,0,  pos,7,  cmd, goto,0
363.0,Elev,1,  arrived at src, 0, Elevator call,332.4267319,0,10,2,1
363.0, elevID,1,  pos,0,  cmd, goto,-1
374.0,Elev,1,  arrived at dest, -1, this call is done!, Elevator call,309.3005383,0,-1,3,1, Done, dt, 64.69946169999997
374.0, elevID,1,  pos,-1,  cmd, goto,10
376.0,Elevator call,375.490481,1,0,1,1, got allocated to elevator, 1
376.0,Elev,0,  arrived at dest, 0, this call is done!, Elevator call,304.9984388,6,0,3,0, Done, dt, 71.00156120000003
376.0, elevID,0,  pos,0,  cmd, goto,-1
376.0, elevID,1,  pos,-1,  cmd, stop,1
385.0,Elev,1,  arrived at src, 1, Elevator call,375.490481,1,0,2,1
385.0, elevID,1,  pos,1,  cmd, goto,10
387.0,Elev,0,  arrived at dest, -1, this call is done!, Elevator call,312.3018556,0,-1,3,0, Done, dt, 74.69814439999999
387.0,Elev,0,  arrived at dest, -1, this call is done!, Elevator call,316.0323783,0,-1,3,0, Done, dt, 70.9676217
387.0,Elev,0,  arrived at src, -1, Elevator call,320.9760749,-1,0,2,0
387.0,Elev,0,  arrived at dest, -1, this call is done!, Elevator call,321.370409,7,-1,3,0, Done, dt, 65.629591
387.0,Elev,0,  arrived at src, -1, Elevator call,336.9304305,-1,0,2,0
387.0, elevID,0,  pos,-1,  cmd, goto,0
393.0,Elevator call,392.5160765,0,5,1,1, got allocated to elevator, 1
398.0,Elev,0,  arrived at dest, 0, this call is done!, Elevator call,320.9760749,-1,0,3,0, Done, dt, 77.02392509999999
398.0,Elev,0,  arrived at dest, 0, this call is done!, Elevator call,336.9304305,-1,0,3,0, Done, dt, 61.0695695
400.0,Elev,1,  arrived at dest, 10, this call is done!, Elevator call,332.4267319,0,10,3,1, Done, dt, 67.5732681
400.0, elevID,1,  pos,10,  cmd, goto,0
406.0,Elevator call,405.1821141,-1,10,1,1, got allocated to elevator, 1
415.0,Elev,1,  arrived at dest, 0, this call is done!, Elevator call,375.490481,1,0,3,1, Done, dt, 39.50951900000001
415.0,Elev,1,  arrived at src, 0, Elevator call,392.5160765,0,5,2,1
415.0, elevID,1,  pos,0,  cmd, goto,-1
426.0,Elev,1,  arrived at src, -1, Elevator call,405.1821141,-1,10,2,1
426.0, elevID,1,  pos,-1,  cmd, goto,5
427.0,Elevator call,426.8615805,2,0,1,1, got allocated to elevator, 1
427.0, elevID,1,  pos,-1,  cmd, stop,2
438.0,Elevator call,437.1711158,1,0,1,0, got allocated to elevator, 0
438.0, elevID,0,  pos,0,  cmd, goto,1
438.0,Elev,1,  arrived at src, 2, Elevator call,426.8615805,2,0,2,1
438.0, elevID,1,  pos,2,  cmd, goto,5
449.0,Elev,0,  arrived at src, 1, Elevator call,437.1711158,1,0,2,0
449.0, elevID,0,  pos,1,  cmd, goto,0
450.0,Elev,1,  arrived at dest, 5, this call is done!, Elevator call,392.5160765,0,5,3,1, Done, dt, 57.4839235
450.0, elevID,1,  pos,5,  cmd, goto,10
460.0,Elev,0,  arrived at dest, 0, this call is done!, Elevator call,437.1711158,1,0,3,0, Done, dt, 22.828884200000005
463.0,Elev,1,  arrived at dest, 10, this call is done!, Elevator call,405.1821141,-1,10,3,1, Done, dt, 57.81788590000002
463.0, elevID,1,  pos,10,  cmd, goto,0
473.0,Elevator call,472.7445474,10,-1,1,1, got allocated to elevator, 1
478.0,Elev,1,  arrived at dest, 0, this call is done!, Elevator call,426.8615805,2,0,3,1, Done, dt, 51.1384195
478.0, elevID,1,  pos,0,  cmd, goto,10
493.0,Elev,1,  arrived at src, 10, Elevator call,472.7445474,10,-1,2,1
493.0, elevID,1,  pos,10,  cmd, goto,-1
501.0,Elevator call,500.3712045,8,-1,1,0, got allocated to elevator, 0
501.0, elevID,0,  pos,0,  cmd, goto,8
504.0,Elevator call,503.1384784,1,-1,1,1, got allocated to elevator, 1
505.0,Elevator call,504.4317942,0,-1,1,0, got allocated to elevator, 0
505.0, elevID,0,  pos,0,  cmd, stop,0
509.0,Elev,1,  arrived at dest, -1, this call is done!, Elevator call,472.7445474,10,-1,3,1, Done, dt, 36.25545260000001
509.0, elevID,1,  pos,-1,  cmd, goto,1
511.0,Elev,0,  arrived at src, 0, Elevator call,504.4317942,0,-1,2,0
511.0, elevID,0,  pos,0,  cmd, goto,8
520.0,Elev,1,  arrived at src, 1, Elevator call,503.1384784,1,-1,2,1
520.0, elevID,1,  pos,1,  cmd, goto,-1
529.0,Elev,0,  arrived at src, 8, Elevator call,500.3712045,8,-1,2,0
529.0, elevID,0,  pos,8,  cmd, goto,-1
530.0,Elevator call,529.6277472,3,-1,1,1, got allocated to elevator, 1
531.0,Elev,1,  arrived at dest, -1, this call is done!, Elevator call,503.1384784,1,-1,3,1, Done, dt, 27.861521600000003
531.0, elevID,1,  pos,-1,  cmd, goto,3
538.0,Elevator call,537.7866884,-1,6,1,0, got allocated to elevator, 0
543.0,Elev,1,  arrived at src, 3, Elevator call,529.6277472,3,-1,2,1
543.0, elevID,1,  pos,3,  cmd, goto,-1
545.0,Elevator call,544.7880392,6,-1,1,1, got allocated to elevator, 1
548.0,Elev,0,  arrived at dest, -1, this call is done!, Elevator call,500.3712045,8,-1,3,0, Done, dt, 47.628795500000024
548.0,Elev,0,  arrived at dest, -1, this call is done!, Elevator call,504.4317942,0,-1,3,0, Done, dt, 43.56820579999999
548.0,Elev,0,  arrived at src, -1, Elevator call,537.7866884,-1,6,2,0
548.0, elevID,0,  pos,-1,  cmd, goto,6
555.0,Elevator call,554.0892923,4,0,1,0, got allocated to elevator, 0
555.0, elevID,0,  pos,1,  cmd, stop,4
555.0,Elev,1,  arrived at dest, -1, this call is done!, Elevator call,529.6277472,3,-1,3,1, Done, dt, 25.372252799999956
555.0, elevID,1,  pos,-1,  cmd, goto,6
558.0,Elevator call,557.244139,10,0,1,0, got allocated to elevator, 0
563.0,Elev,0,  arrived at src, 4, Elevator call,554.0892923,4,0,2,0
563.0, elevID,0,  pos,4,  cmd, goto,6
566.0,Elevator call,565.0195522,0,-1,1,1, got allocated to elevator, 1
569.0,Elev,1,  arrived at src, 6, Elevator call,544.7880392,6,-1,2,1
569.0, elevID,1,  pos,6,  cmd, goto,0
575.0,Elev,0,  arrived at dest, 6, this call is done!, Elevator call,537.7866884,-1,6,3,0, Done, dt, 37.2133116
575.0, elevID,0,  pos,6,  cmd, goto,10
582.0,Elevator call,581.870309,0,3,1,1, got allocated to elevator, 1
582.0,Elev,1,  arrived at src, 0, Elevator call,565.0195522,0,-1,2,1
582.0,Elev,1,  arrived at src, 0, Elevator call,581.870309,0,3,2,1
582.0, elevID,1,  pos,0,  cmd, goto,-1
589.0,Elev,0,  arrived at src, 10, Elevator call,557.244139,10,0,2,0
589.0, elevID,0,  pos,10,  cmd, goto,0
593.0,Elev,1,  arrived at dest, -1, this call is done!, Elevator call,544.7880392,6,-1,3,1, Done, dt, 48.21196080000004
593.0,Elev,1,  arrived at dest, -1, this call is done!, Elevator call,565.0195522,0,-1,3,1, Done, dt, 27.98044779999998
593.0, elevID,1,  pos,-1,  cmd, goto,3
597.0,Elevator call,596.1232023,8,0,1,1, got allocated to elevator, 1
601.0,Elevator call,600.931288,1,0,1,0, got allocated to elevator, 0
, elevID,0,  pos,3,  cmd, stop,1
604.0,Elevator call,603.9342327,7,0,1,0, got allocated to elevator, 0
605.0,Elev,1,  arrived at dest, 3, this call is done!, Elevator call,581.870309,0,3,3,1, Done, dt, 23.12969099999998
605.0, elevID,1,  pos,3,  cmd, goto,8
608.0,Elev,0,  arrived at src, 1, Elevator call,600.931288,1,0,2,0
608.0, elevID,0,  pos,1,  cmd, goto,0
618.0,Elevator call,617.9628339,0,3,1,1, got allocated to elevator, 1
618.0,Elev,1,  arrived at src, 8, Elevator call,596.1232023,8,0,2,1
618.0, elevID,1,  pos,8,  cmd, goto,0
619.0,Elev,0,  arrived at dest, 0, this call is done!, Elevator call,554.0892923,4,0,3,0, Done, dt, 64.91070769999999
619.0,Elev,0,  arrived at dest, 0, this call is done!, Elevator call,557.244139,10,0,3,0, Done, dt, 61.75586099999998
619.0,Elev,0,  arrived at dest, 0, this call is done!, Elevator call,600.931288,1,0,3,0, Done, dt, 18.068712000000005
619.0, elevID,0,  pos,0,  cmd, goto,7
620.0,Elevator call,619.6454197,9,0,1,0, got allocated to elevator, 0
627.0,Elevator call,626.2116172,0,1,1,0, got allocated to elevator, 0
632.0,Elev,1,  arrived at dest, 0, this call is done!, Elevator call,596.1232023,8,0,3,1, Done, dt, 35.8767977
632.0,Elev,1,  arrived at src, 0, Elevator call,617.9628339,0,3,2,1
632.0, elevID,1,  pos,0,  cmd, goto,3
636.0,Elev,0,  arrived at src, 7, Elevator call,603.9342327,7,0,2,0
636.0, elevID,0,  pos,7,  cmd, goto,9
644.0,Elevator call,643.8547515,-1,2,1,1, got allocated to elevator, 1
644.0,Elev,1,  arrived at dest, 3, this call is done!, Elevator call,617.9628339,0,3,3,1, Done, dt, 26.037166100000036
644.0, elevID,1,  pos,3,  cmd, goto,-1
648.0,Elev,0,  arrived at src, 9, Elevator call,619.6454197,9,0,2,0
648.0, elevID,0,  pos,9,  cmd, goto,0
656.0,Elev,1,  arrived at src, -1, Elevator call,643.8547515,-1,2,2,1
656.0, elevID,1,  pos,-1,  cmd, goto,2
661.0,Elevator call,660.0732908,6,10,1,1, got allocated to elevator, 1
662.0,Elevator call,661.042082,-1,3,1,0, got allocated to elevator, 0
663.0,Elevator call,662.1730528,-1,5,1,0, got allocated to elevator, 0
666.0,Elevator call,665.1155549,-1,8,1,0, got allocated to elevator, 0
667.0,Elevator call,666.0340295,4,0,1,0, got allocated to elevator, 0
667.0,Elevator call,666.2411587,5,-1,1,0, got allocated to elevator, 0
667.0,Elev,0,  arrived at dest, 0, this call is done!, Elevator call,603.9342327,7,0,3,0, Done, dt, 63.06576729999995
667.0,Elev,0,  arrived at dest, 0, this call is done!, Elevator call,619.6454197,9,0,3,0, Done, dt, 47.35458029999995
667.0,Elev,0,  arrived at src, 0, Elevator call,626.2116172,0,1,2,0
667.0, elevID,0,  pos,0,  cmd, goto,-1
668.0,Elev,1,  arrived at dest, 2, this call is done!, Elevator call,643.8547515,-1,2,3,1, Done, dt, 24.14524849999998
668.0, elevID,1,  pos,2,  cmd, goto,6
673.0,Elevator call,672.6773142,0,-1,1,1, got allocated to elevator, 1
678.0,Elevator call,677.7341948,0,-1,1,0, got allocated to elevator, 0
678.0,Elev,0,  arrived at src, -1, Elevator call,661.042082,-1,3,2,0
678.0,Elev,0,  arrived at src, -1, Elevator call,662.1730528,-1,5,2,0
678.0,Elev,0,  arrived at src, -1, Elevator call,665.1155549,-1,8,2,0
678.0, elevID,0,  pos,-1,  cmd, goto,0
679.0,Elevator call,678.9953585,-1,-2,1,0, got allocated to elevator, 0
679.0, elevID,0,  pos,-1,  cmd, stop,-1
680.0,Elev,1,  arrived at src, 6, Elevator call,660.0732908,6,10,2,1
680.0, elevID,1,  pos,6,  cmd, goto,10
688.0,Elev,0,  arrived at src, -1, Elevator call,678.9953585,-1,-2,2,0
688.0, elevID,0,  pos,-1,  cmd, goto,0
692.0,Elev,1,  arrived at dest, 10, this call is done!, Elevator call,660.0732908,6,10,3,1, Done, dt, 31.926709200000005
692.0, elevID,1,  pos,10,  cmd, goto,0
696.0,Elevator call,695.2239882,0,10,1,1, got allocated to elevator, 1
699.0,Elev,0,  arrived at src, 0, Elevator call,677.7341948,0,-1,2,0
699.0, elevID,0,  pos,0,  cmd, goto,1
707.0,Elevator call,706.1583475,-1,-2,1,0, got allocated to elevator, 0
707.0,Elev,1,  arrived at src, 0, Elevator call,672.6773142,0,-1,2,1
707.0,Elev,1,  arrived at src, 0, Elevator call,695.2239882,0,10,2,1
707.0, elevID,1,  pos,0,  cmd, goto,-1
710.0,Elev,0,  arrived at dest, 1, this call is done!, Elevator call,626.2116172,0,1,3,0, Done, dt, 83.78838280000002
710.0, elevID,0,  pos,1,  cmd, goto,3
711.0,Elevator call,710.324977,0,1,1,1, got allocated to elevator, 1
, elevID,1,  pos,0,  cmd, stop,0
714.0,Elevator call,713.0191971,1,0,1,0, got allocated to elevator, 0
714.0,Elevator call,713.2499766,10,-1,1,0, got allocated to elevator, 0
714.0, elevID,0,  pos,1,  cmd, stop,1
717.0,Elev,1,  arrived at src, 0, Elevator call,710.324977,0,1,2,1
717.0, elevID,1,  pos,0,  cmd, goto,-1
720.0,Elev,0,  arrived at src, 1, Elevator call,713.0191971,1,0,2,0
720.0, elevID,0,  pos,1,  cmd, goto,3
723.0,Elevator call,722.6161213,10,0,1,1, got allocated to elevator, 1
728.0,Elevator call,727.5146029,-1,0,1,0, got allocated to elevator, 0
728.0,Elev,1,  arrived at dest, -1, this call is done!, Elevator call,672.6773142,0,-1,3,1, Done, dt, 55.322685800000045
728.0, elevID,1,  pos,-1,  cmd, goto,1
732.0,Elev,0,  arrived at dest, 3, this call is done!, Elevator call,661.042082,-1,3,3,0, Done, dt, 70.95791799999995
732.0, elevID,0,  pos,3,  cmd, goto,4
733.0,Elevator call,732.9746341,6,-1,1,0, got allocated to elevator, 0
738.0,Elevator call,737.3147202,1,0,1,0, got allocated to elevator, 0
739.0,Elev,1,  arrived at dest, 1, this call is done!, Elevator call,710.324977,0,1,3,1, Done, dt, 28.67502300000001
739.0, elevID,1,  pos,1,  cmd, goto,10
743.0,Elev,0,  arrived at src, 4, Elevator call,666.0340295,4,0,2,0
743.0, elevID,0,  pos,4,  cmd, goto,5
754.0,Elev,0,  arrived at dest, 5, this call is done!, Elevator call,662.1730528,-1,5,3,0, Done, dt, 91.82694719999995
754.0,Elev,0,  arrived at src, 5, Elevator call,666.2411587,5,-1,2,0
754.0, elevID,0,  pos,5,  cmd, goto,6
754.0,Elev,1,  arrived at dest, 10, this call is done!, Elevator call,695.2239882,0,10,3,1, Done, dt, 58.77601179999999
754.0,Elev,1,  arrived at src, 10, Elevator call,722.6161213,10,0,2,1
754.0, elevID,1,  pos,10,  cmd, goto,0
765.0,Elev,0,  arrived at src, 6, Elevator call,732.9746341,6,-1,2,0
765.0, elevID,0,  pos,6,  cmd, goto,8
769.0,Elev,1,  arrived at dest, 0, this call is done!, Elevator call,722.6161213,10,0,3,1, Done, dt, 46.38387869999997
777.0,Elev,0,  arrived at dest, 8, this call is done!, Elevator call,665.1155549,-1,8,3,0, Done, dt, 111.8844451
777.0, elevID,0,  pos,8,  cmd, goto,10
780.0,Elevator call,779.3996914,-1,5,1,1, got allocated to elevator, 1
780.0, elevID,1,  pos,0,  cmd, goto,-1
789.0,Elev,0,  arrived at src, 10, Elevator call,713.2499766,10,-1,2,0
789.0, elevID,0,  pos,10,  cmd, goto,1
791.0,Elev,1,  arrived at src, -1, Elevator call,779.3996914,-1,5,2,1
791.0, elevID,1,  pos,-1,  cmd, goto,5
804.0,Elev,1,  arrived at dest, 5, this call is done!, Elevator call,779.3996914,-1,5,3,1, Done, dt, 24.60030859999995
806.0,Elevator call,805.6754743,-1,-2,1,1, got allocated to elevator, 1
806.0, elevID,1,  pos,5,  cmd, goto,-1
808.0,Elev,0,  arrived at src, 1, Elevator call,737.3147202,1,0,2,0
808.0, elevID,0,  pos,1,  cmd, goto,0
811.0,Elevator call,810.4469089,2,0,1,0, got allocated to elevator, 0
817.0,Elevator call,816.1516998,7,-1,1,0, got allocated to elevator, 0
819.0,Elev,0,  arrived at dest, 0, this call is done!, Elevator call,666.0340295,4,0,3,0, Done, dt, 152.96597050000003
819.0,Elev,0,  arrived at dest, 0, this call is done!, Elevator call,713.0191971,1,0,3,0, Done, dt, 105.98080289999996
819.0,Elev,0,  arrived at dest, 0, this call is done!, Elevator call,737.3147202,1,0,3,0, Done, dt, 81.68527979999999
819.0, elevID,0,  pos,0,  cmd, goto,-1
819.0,Elev,1,  arrived at src, -1, Elevator call,805.6754743,-1,-2,2,1
819.0, elevID,1,  pos,-1,  cmd, goto,-2
826.0,Elevator call,825.4575185,7,0,1,1, got allocated to elevator, 1
830.0,Elev,0,  arrived at dest, -1, this call is done!, Elevator call,666.2411587,5,-1,3,0, Done, dt, 163.75884129999997
830.0,Elev,0,  arrived at dest, -1, this call is done!, Elevator call,677.7341948,0,-1,3,0, Done, dt, 152.26580520000005
830.0,Elev,0,  arrived at src, -1, Elevator call,706.1583475,-1,-2,2,0
830.0,Elev,0,  arrived at dest, -1, this call is done!, Elevator call,713.2499766,10,-1,3,0, Done, dt, 116.75002340000003
830.0,Elev,0,  arrived at src, -1, Elevator call,727.5146029,-1,0,2,0
830.0,Elev,0,  arrived at dest, -1, this call is done!, Elevator call,732.9746341,6,-1,3,0, Done, dt, 97.0253659
830.0, elevID,0,  pos,-1,  cmd, goto,-2
830.0,Elev,1,  arrived at dest, -2, this call is done!, Elevator call,805.6754743,-1,-2,3,1, Done, dt, 24.32452569999998
830.0, elevID,1,  pos,-2,  cmd, goto,7
840.0,Elevator call,839.8525653,0,1,1,1, got allocated to elevator, 1
841.0,Elev,0,  arrived at dest, -2, this call is done!, Elevator call,678.9953585,-1,-2,3,0, Done, dt, 162.00464150000005
841.0,Elev,0,  arrived at dest, -2, this call is done!, Elevator call,706.1583475,-1,-2,3,0, Done, dt, 134.8416525
841.0, elevID,0,  pos,-2,  cmd, goto,0
845.0,Elev,1,  arrived at src, 7, Elevator call,825.4575185,7,0,2,1
845.0, elevID,1,  pos,7,  cmd, goto,0
853.0,Elev,0,  arrived at dest, 0, this call is done!, Elevator call,727.5146029,-1,0,3,0, Done, dt, 125.4853971
853.0, elevID,0,  pos,0,  cmd, goto,2
855.0,Elevator call,854.2002278,6,-1,1,1, got allocated to elevator, 1
859.0,Elev,1,  arrived at dest, 0, this call is done!, Elevator call,825.4575185,7,0,3,1, Done, dt, 33.54248150000001
859.0,Elev,1,  arrived at src, 0, Elevator call,839.8525653,0,1,2,1
859.0, elevID,1,  pos,0,  cmd, goto,1
864.0,Elevator call,863.8932913,0,-1,1,0, got allocated to elevator, 0
865.0,Elev,0,  arrived at src, 2, Elevator call,810.4469089,2,0,2,0
865.0, elevID,0,  pos,2,  cmd, goto,7
870.0,Elev,1,  arrived at dest, 1, this call is done!, Elevator call,839.8525653,0,1,3,1, Done, dt, 30.147434699999963
870.0, elevID,1,  pos,1,  cmd, goto,6
871.0,Elevator call,870.5053024,0,7,1,1, got allocated to elevator, 1
880.0,Elev,0,  arrived at src, 7, Elevator call,816.1516998,7,-1,2,0
880.0, elevID,0,  pos,7,  cmd, goto,0
883.0,Elev,1,  arrived at src, 6, Elevator call,854.2002278,6,-1,2,1
883.0, elevID,1,  pos,6,  cmd, goto,0
887.0,Elevator call,886.5649993,-1,-2,1,1, got allocated to elevator, 1
893.0,Elevator call,892.5212151,9,-1,1,0, got allocated to elevator, 0
896.0,Elev,1,  arrived at src, 0, Elevator call,870.5053024,0,7,2,1
896.0, elevID,1,  pos,0,  cmd, goto,-1
897.0,Elev,0,  arrived at dest, 0, this call is done!, Elevator call,810.4469089,2,0,3,0, Done, dt, 86.55309109999996
897.0,Elev,0,  arrived at src, 0, Elevator call,863.8932913,0,-1,2,0
897.0, elevID,0,  pos,0,  cmd, goto,-1
907.0,Elev,1,  arrived at dest, -1, this call is done!, Elevator call,854.2002278,6,-1,3,1, Done, dt, 52.79977220000001
907.0,Elev,1,  arrived at src, -1, Elevator call,886.5649993,-1,-2,2,1
907.0, elevID,1,  pos,-1,  cmd, goto,-2
908.0,Elev,0,  arrived at dest, -1, this call is done!, Elevator call,816.1516998,7,-1,3,0, Done, dt, 91.84830020000004
908.0,Elev,0,  arrived at dest, -1, this call is done!, Elevator call,863.8932913,0,-1,3,0, Done, dt, 44.10670870000001
908.0, elevID,0,  pos,-1,  cmd, goto,9
911.0,Elevator call,910.5388559,6,5,1,1, got allocated to elevator, 1
916.0,Elevator call,915.9490575,4,-1,1,0, got allocated to elevator, 0
916.0, elevID,0,  pos,2,  cmd, stop,4
918.0,Elev,1,  arrived at dest, -2, this call is done!, Elevator call,886.5649993,-1,-2,3,1, Done, dt, 31.435000700000046
918.0, elevID,1,  pos,-2,  cmd, goto,6
923.0,Elev,0,  arrived at src, 4, Elevator call,915.9490575,4,-1,2,0
923.0, elevID,0,  pos,4,  cmd, goto,9
932.0,Elev,1,  arrived at src, 6, Elevator call,910.5388559,6,5,2,1
932.0, elevID,1,  pos,6,  cmd, goto,7
934.0,Elevator call,933.8580452,7,5,1,1, got allocated to elevator, 1
938.0,Elev,0,  arrived at src, 9, Elevator call,892.5212151,9,-1,2,0
938.0, elevID,0,  pos,9,  cmd, goto,-1
943.0,Elev,1,  arrived at dest, 7, this call is done!, Elevator call,870.5053024,0,7,3,1, Done, dt, 72.4946976
943.0,Elev,1,  arrived at src, 7, Elevator call,933.8580452,7,5,2,1
943.0, elevID,1,  pos,7,  cmd, goto,5
954.0,Elev,1,  arrived at dest, 5, this call is done!, Elevator call,910.5388559,6,5,3,1, Done, dt, 43.461144099999956
954.0,Elev,1,  arrived at dest, 5, this call is done!, Elevator call,933.8580452,7,5,3,1, Done, dt, 20.141954800000008
958.0,Elev,0,  arrived at dest, -1, this call is done!, Elevator call,892.5212151,9,-1,3,0, Done, dt, 65.47878490000005
958.0,Elev,0,  arrived at dest, -1, this call is done!, Elevator call,915.9490575,4,-1,3,0, Done, dt, 42.05094250000002
962.0,Elevator call,961.6862856,6,-1,1,1, got allocated to elevator, 1
962.0, elevID,1,  pos,5,  cmd, goto,6
973.0,Elevator call,972.8032126,1,0,1,0, got allocated to elevator, 0
973.0, elevID,0,  pos,-1,  cmd, goto,1
973.0,Elev,1,  arrived at src, 6, Elevator call,961.6862856,6,-1,2,1
973.0, elevID,1,  pos,6,  cmd, goto,-1
976.0,Elevator call,975.8361203,0,-1,1,1, got allocated to elevator, 1
, elevID,1,  pos,6,  cmd, stop,0
979.0,Elevator call,978.5925149,10,0,1,0, got allocated to elevator, 0
979.0,Elevator call,978.6210501,10,-1,1,0, got allocated to elevator, 0
985.0,Elevator call,984.1840186,7,0,1,0, got allocated to elevator, 0
985.0,Elev,0,  arrived at src, 1, Elevator call,972.8032126,1,0,2,0
985.0, elevID,0,  pos,1,  cmd, goto,7
986.0,Elev,1,  arrived at src, 0, Elevator call,975.8361203,0,-1,2,1
986.0, elevID,1,  pos,0,  cmd, goto,-1
997.0,Elev,1,  arrived at dest, -1, this call is done!, Elevator call,961.6862856,6,-1,3,1, Done, dt, 35.31371439999998
997.0,Elev,1,  arrived at dest, -1, this call is done!, Elevator call,975.8361203,0,-1,3,1, Done, dt, 21.163879700000052
1001.0,Elev,0,  arrived at src, 7, Elevator call,984.1840186,7,0,2,0
1001.0, elevID,0,  pos,7,  cmd, goto,10
1014.0,Elev,0,  arrived at src, 10, Elevator call,978.5925149,10,0,2,0
1014.0,Elev,0,  arrived at src, 10, Elevator call,978.6210501,10,-1,2,0
1014.0, elevID,0,  pos,10,  cmd, goto,0
1034.0,Elev,0,  arrived at dest, 0, this call is done!, Elevator call,972.8032126,1,0,3,0, Done, dt, 61.19678739999995
1034.0,Elev,0,  arrived at dest, 0, this call is done!, Elevator call,978.5925149,10,0,3,0, Done, dt, 55.40748510000003
1034.0,Elev,0,  arrived at dest, 0, this call is done!, Elevator call,984.1840186,7,0,3,0, Done, dt, 49.815981400000055
1034.0, elevID,0,  pos,0,  cmd, goto,-1
1045.0,Elev,0,  arrived at dest, -1, this call is done!, Elevator call,978.6210501,10,-1,3,0, Done, dt, 66.37894989999995
1046.0,************* Simulation Ended ************
Code Owners,212831879,  Building_file,/Users/ofirrubin/PycharmProjects/OOP-Ex1/Ex1_input/Ex1_Buildings/B2.json,  Calls,/Users/ofirrubin/PycharmProjects/OOP-Ex1/Ex1_output/b2_cA.csv
Total waiting time: 5720.0,  average waiting time per call: 57.2,  unCompleted calls,0,  certificate, -205115824
