Ex1 (OOP) Simulator log: stage /Users/ofirrubin/PycharmProjects/OOP-Ex1/Ex1_input/Ex1_Buildings/B3.json,  /Users/ofirrubin/PycharmProjects/OOP-Ex1/Ex1_output/b3_cA.csv
0.0,OOP_Ex1_Elevator_Simulator
0.0,Simulated Building, Building [-10,100]
0) ex1.Elevator_A, Elev_, id,0,  speed, 3.0, open: 2.0,  start: 3.0, close: 2.0,  stop: 3.0
1) ex1.Elevator_A, Elev_, id,1,  speed, 7.0, open: 1.4285714285714286,  start: 2.142857142857143, close: 1.4285714285714286,  stop: 2.142857142857143

0.0,Simulated Period starTime,0.0,  endTime,1104.1840186,  dt,1.0
0.0,Simulated  calls,Elevator log, size: 100
0.0,**** Simulation starts!! ****
5.0,Elevator call,4.37472729,0,-1,1,1, got allocated to elevator, 1
5.0,Elev,1,  arrived at src, 0, Elevator call,4.37472729,0,-1,2,1
5.0, elevID,1,  pos,0,  cmd, goto,-1
13.0,Elev,1,  arrived at dest, -1, this call is done!, Elevator call,4.37472729,0,-1,3,1, Done, dt, 8.62527271
17.0,Elevator call,16.95788289,-1,0,1,1, got allocated to elevator, 1
17.0,Elev,1,  arrived at src, -1, Elevator call,16.95788289,-1,0,2,1
17.0, elevID,1,  pos,-1,  cmd, goto,0
23.0,Elevator call,22.0940563,0,-1,1,0, got allocated to elevator, 0
23.0,Elev,0,  arrived at src, 0, Elevator call,22.0940563,0,-1,2,0
23.0, elevID,0,  pos,0,  cmd, goto,-1
25.0,Elev,1,  arrived at dest, 0, this call is done!, Elevator call,16.95788289,-1,0,3,1, Done, dt, 8.04211711
34.0,Elev,0,  arrived at dest, -1, this call is done!, Elevator call,22.0940563,0,-1,3,0, Done, dt, 11.905943700000002
86.0,Elevator call,85.52096662,3,2,1,1, got allocated to elevator, 1
86.0, elevID,1,  pos,0,  cmd, goto,3
92.0,Elevator call,91.21019413,-1,-2,1,0, got allocated to elevator, 0
92.0,Elev,0,  arrived at src, -1, Elevator call,91.21019413,-1,-2,2,0
92.0, elevID,0,  pos,-1,  cmd, goto,-2
94.0,Elev,1,  arrived at src, 3, Elevator call,85.52096662,3,2,2,1
94.0, elevID,1,  pos,3,  cmd, goto,2
102.0,Elev,1,  arrived at dest, 2, this call is done!, Elevator call,85.52096662,3,2,3,1, Done, dt, 16.479033380000004
103.0,Elev,0,  arrived at dest, -2, this call is done!, Elevator call,91.21019413,-1,-2,3,0, Done, dt, 11.789805869999995
105.0,Elevator call,104.1370124,0,4,1,1, got allocated to elevator, 1
105.0, elevID,1,  pos,2,  cmd, goto,0
110.0,Elevator call,109.2135291,-1,0,1,0, got allocated to elevator, 0
110.0, elevID,0,  pos,-2,  cmd, goto,-1
113.0,Elev,1,  arrived at src, 0, Elevator call,104.1370124,0,4,2,1
113.0, elevID,1,  pos,0,  cmd, goto,4
115.0,Elevator call,114.392351,3,0,1,1, got allocated to elevator, 1
115.0, elevID,1,  pos,0,  cmd, stop,3
121.0,Elev,0,  arrived at src, -1, Elevator call,109.2135291,-1,0,2,0
121.0, elevID,0,  pos,-1,  cmd, goto,0
121.0,Elev,1,  arrived at src, 3, Elevator call,114.392351,3,0,2,1
121.0, elevID,1,  pos,3,  cmd, goto,4
125.0,Elevator call,124.425571,0,9,1,1, got allocated to elevator, 1
129.0,Elev,1,  arrived at dest, 4, this call is done!, Elevator call,104.1370124,0,4,3,1, Done, dt, 24.862987599999997
129.0, elevID,1,  pos,4,  cmd, goto,0
131.0,Elevator call,130.0249568,8,10,1,0, got allocated to elevator, 0
131.0,Elevator call,130.2249113,-1,1,1,0, got allocated to elevator, 0
132.0,Elev,0,  arrived at dest, 0, this call is done!, Elevator call,109.2135291,-1,0,3,0, Done, dt, 22.786470899999998
132.0, elevID,0,  pos,0,  cmd, goto,8
137.0,Elev,1,  arrived at dest, 0, this call is done!, Elevator call,114.392351,3,0,3,1, Done, dt, 22.607648999999995
137.0,Elev,1,  arrived at src, 0, Elevator call,124.425571,0,9,2,1
137.0, elevID,1,  pos,0,  cmd, goto,9
138.0,Elevator call,137.9515274,0,4,1,1, got allocated to elevator, 1
138.0, elevID,1,  pos,0,  cmd, stop,0
144.0,Elevator call,143.9133584,0,6,1,0, got allocated to elevator, 0
145.0,Elev,0,  arrived at src, 8, Elevator call,130.0249568,8,10,2,0
145.0, elevID,0,  pos,8,  cmd, goto,10
145.0,Elev,1,  arrived at src, 0, Elevator call,137.9515274,0,4,2,1
145.0, elevID,1,  pos,0,  cmd, goto,4
153.0,Elev,1,  arrived at dest, 4, this call is done!, Elevator call,137.9515274,0,4,3,1, Done, dt, 15.048472599999997
153.0, elevID,1,  pos,4,  cmd, goto,9
156.0,Elev,0,  arrived at dest, 10, this call is done!, Elevator call,130.0249568,8,10,3,0, Done, dt, 25.975043199999988
156.0, elevID,0,  pos,10,  cmd, goto,0
161.0,Elev,1,  arrived at dest, 9, this call is done!, Elevator call,124.425571,0,9,3,1, Done, dt, 36.574428999999995
170.0,Elevator call,169.7845834,-1,0,1,1, got allocated to elevator, 1
170.0,Elev,0,  arrived at src, 0, Elevator call,143.9133584,0,6,2,0
170.0, elevID,0,  pos,0,  cmd, goto,-1
170.0, elevID,1,  pos,9,  cmd, goto,-1
171.0,Elevator call,170.0099621,0,6,1,0, got allocated to elevator, 0
, elevID,0,  pos,0,  cmd, stop,0
172.0,Elevator call,171.2117332,-1,8,1,0, got allocated to elevator, 0
175.0,Elevator call,174.8438515,0,-1,1,0, got allocated to elevator, 0
179.0,Elev,1,  arrived at src, -1, Elevator call,169.7845834,-1,0,2,1
179.0, elevID,1,  pos,-1,  cmd, goto,0
180.0,Elev,0,  arrived at src, 0, Elevator call,170.0099621,0,6,2,0
180.0,Elev,0,  arrived at src, 0, Elevator call,174.8438515,0,-1,2,0
180.0, elevID,0,  pos,0,  cmd, goto,-1
187.0,Elev,1,  arrived at dest, 0, this call is done!, Elevator call,169.7845834,-1,0,3,1, Done, dt, 17.215416599999998
188.0,Elevator call,187.1167862,-1,-2,1,1, got allocated to elevator, 1
188.0,Elevator call,187.7299318,-1,-2,1,0, got allocated to elevator, 0
188.0, elevID,1,  pos,0,  cmd, goto,-1
191.0,Elev,0,  arrived at src, -1, Elevator call,130.2249113,-1,1,2,0
191.0,Elev,0,  arrived at src, -1, Elevator call,171.2117332,-1,8,2,0
191.0,Elev,0,  arrived at dest, -1, this call is done!, Elevator call,174.8438515,0,-1,3,0, Done, dt, 16.1561485
191.0,Elev,0,  arrived at src, -1, Elevator call,187.7299318,-1,-2,2,0
191.0, elevID,0,  pos,-1,  cmd, goto,-2
196.0,Elevator call,195.9086965,0,7,1,1, got allocated to elevator, 1
196.0,Elev,1,  arrived at src, -1, Elevator call,187.1167862,-1,-2,2,1
196.0, elevID,1,  pos,-1,  cmd, goto,-2
198.0,Elevator call,197.5359191,-1,1,1,0, got allocated to elevator, 0
202.0,Elev,0,  arrived at dest, -2, this call is done!, Elevator call,187.7299318,-1,-2,3,0, Done, dt, 14.270068199999997
202.0, elevID,0,  pos,-2,  cmd, goto,-1
204.0,Elev,1,  arrived at dest, -2, this call is done!, Elevator call,187.1167862,-1,-2,3,1, Done, dt, 16.883213799999993
204.0, elevID,1,  pos,-2,  cmd, goto,0
206.0,Elevator call,205.9895199,-1,0,1,1, got allocated to elevator, 1
206.0, elevID,1,  pos,-2,  cmd, stop,-1
212.0,Elev,1,  arrived at src, -1, Elevator call,205.9895199,-1,0,2,1
212.0, elevID,1,  pos,-1,  cmd, goto,0
213.0,Elev,0,  arrived at src, -1, Elevator call,197.5359191,-1,1,2,0
213.0, elevID,0,  pos,-1,  cmd, goto,1
220.0,Elev,1,  arrived at src, 0, Elevator call,195.9086965,0,7,2,1
220.0,Elev,1,  arrived at dest, 0, this call is done!, Elevator call,205.9895199,-1,0,3,1, Done, dt, 14.010480099999995
220.0, elevID,1,  pos,0,  cmd, goto,7
224.0,Elev,0,  arrived at dest, 1, this call is done!, Elevator call,130.2249113,-1,1,3,0, Done, dt, 93.7750887
224.0,Elev,0,  arrived at dest, 1, this call is done!, Elevator call,197.5359191,-1,1,3,0, Done, dt, 26.4640809
224.0, elevID,0,  pos,1,  cmd, goto,6
228.0,Elevator call,227.0798305,-1,5,1,1, got allocated to elevator, 1
229.0,Elev,1,  arrived at dest, 7, this call is done!, Elevator call,195.9086965,0,7,3,1, Done, dt, 33.09130350000001
229.0, elevID,1,  pos,7,  cmd, goto,-1
232.0,Elevator call,231.5157882,-1,0,1,0, got allocated to elevator, 0
233.0,Elevator call,232.9504362,0,-1,1,0, got allocated to elevator, 0
236.0,Elev,0,  arrived at dest, 6, this call is done!, Elevator call,143.9133584,0,6,3,0, Done, dt, 92.08664160000001
236.0,Elev,0,  arrived at dest, 6, this call is done!, Elevator call,170.0099621,0,6,3,0, Done, dt, 65.9900379
236.0, elevID,0,  pos,6,  cmd, goto,8
238.0,Elev,1,  arrived at src, -1, Elevator call,227.0798305,-1,5,2,1
238.0, elevID,1,  pos,-1,  cmd, goto,5
246.0,Elev,1,  arrived at dest, 5, this call is done!, Elevator call,227.0798305,-1,5,3,1, Done, dt, 18.920169499999986
247.0,Elev,0,  arrived at dest, 8, this call is done!, Elevator call,171.2117332,-1,8,3,0, Done, dt, 75.7882668
247.0, elevID,0,  pos,8,  cmd, goto,0
252.0,Elevator call,251.1044469,-1,-2,1,1, got allocated to elevator, 1
252.0,Elevator call,251.2359335,0,9,1,0, got allocated to elevator, 0
252.0, elevID,1,  pos,5,  cmd, goto,-1
255.0,Elevator call,254.6977153,3,4,1,0, got allocated to elevator, 0
258.0,Elevator call,257.7974435,-1,0,1,0, got allocated to elevator, 0
260.0,Elev,0,  arrived at src, 0, Elevator call,232.9504362,0,-1,2,0
260.0,Elev,0,  arrived at src, 0, Elevator call,251.2359335,0,9,2,0
260.0, elevID,0,  pos,0,  cmd, goto,-1
260.0,Elev,1,  arrived at src, -1, Elevator call,251.1044469,-1,-2,2,1
260.0, elevID,1,  pos,-1,  cmd, goto,-2
268.0,Elev,1,  arrived at dest, -2, this call is done!, Elevator call,251.1044469,-1,-2,3,1, Done, dt, 16.8955531
271.0,Elev,0,  arrived at src, -1, Elevator call,231.5157882,-1,0,2,0
271.0,Elev,0,  arrived at dest, -1, this call is done!, Elevator call,232.9504362,0,-1,3,0, Done, dt, 38.04956379999999
271.0,Elev,0,  arrived at src, -1, Elevator call,257.7974435,-1,0,2,0
271.0, elevID,0,  pos,-1,  cmd, goto,0
282.0,Elev,0,  arrived at dest, 0, this call is done!, Elevator call,231.5157882,-1,0,3,0, Done, dt, 50.4842118
282.0,Elev,0,  arrived at dest, 0, this call is done!, Elevator call,257.7974435,-1,0,3,0, Done, dt, 24.202556500000014
282.0, elevID,0,  pos,0,  cmd, goto,3
293.0,Elev,0,  arrived at src, 3, Elevator call,254.6977153,3,4,2,0
293.0, elevID,0,  pos,3,  cmd, goto,4
296.0,Elevator call,295.7943357,0,1,1,1, got allocated to elevator, 1
296.0, elevID,1,  pos,-2,  cmd, goto,0
304.0,Elev,0,  arrived at dest, 4, this call is done!, Elevator call,254.6977153,3,4,3,0, Done, dt, 49.3022847
304.0, elevID,0,  pos,4,  cmd, goto,9
304.0,Elev,1,  arrived at src, 0, Elevator call,295.7943357,0,1,2,1
304.0, elevID,1,  pos,0,  cmd, goto,1
305.0,Elevator call,304.9984388,6,0,1,1, got allocated to elevator, 1
310.0,Elevator call,309.3005383,0,-1,1,0, got allocated to elevator, 0
312.0,Elev,1,  arrived at dest, 1, this call is done!, Elevator call,295.7943357,0,1,3,1, Done, dt, 16.205664300000024
312.0, elevID,1,  pos,1,  cmd, goto,6
313.0,Elevator call,312.3018556,0,-1,1,0, got allocated to elevator, 0
316.0,Elev,0,  arrived at dest, 9, this call is done!, Elevator call,251.2359335,0,9,3,0, Done, dt, 64.76406650000001
316.0, elevID,0,  pos,9,  cmd, goto,0
317.0,Elevator call,316.0323783,0,-1,1,1, got allocated to elevator, 1
320.0,Elevator call,319.905202,6,5,1,0, got allocated to elevator, 0
, elevID,0,  pos,9,  cmd, stop,6
320.0,Elev,1,  arrived at src, 6, Elevator call,304.9984388,6,0,2,1
320.0, elevID,1,  pos,6,  cmd, goto,0
321.0,Elevator call,320.9760749,-1,0,1,0, got allocated to elevator, 0
322.0,Elevator call,321.370409,7,-1,1,0, got allocated to elevator, 0
327.0,Elev,0,  arrived at src, 6, Elevator call,319.905202,6,5,2,0
327.0, elevID,0,  pos,6,  cmd, goto,5
328.0,Elev,1,  arrived at dest, 0, this call is done!, Elevator call,304.9984388,6,0,3,1, Done, dt, 23.001561200000026
328.0,Elev,1,  arrived at src, 0, Elevator call,316.0323783,0,-1,2,1
328.0, elevID,1,  pos,0,  cmd, goto,-1
333.0,Elevator call,332.4267319,0,10,1,1, got allocated to elevator, 1
336.0,Elev,1,  arrived at dest, -1, this call is done!, Elevator call,316.0323783,0,-1,3,1, Done, dt, 19.967621699999995
336.0, elevID,1,  pos,-1,  cmd, goto,0
337.0,Elevator call,336.9304305,-1,0,1,0, got allocated to elevator, 0
338.0,Elev,0,  arrived at dest, 5, this call is done!, Elevator call,319.905202,6,5,3,0, Done, dt, 18.094798000000026
338.0, elevID,0,  pos,5,  cmd, goto,0
344.0,Elev,1,  arrived at src, 0, Elevator call,332.4267319,0,10,2,1
344.0, elevID,1,  pos,0,  cmd, goto,10
350.0,Elev,0,  arrived at src, 0, Elevator call,309.3005383,0,-1,2,0
350.0,Elev,0,  arrived at src, 0, Elevator call,312.3018556,0,-1,2,0
350.0, elevID,0,  pos,0,  cmd, goto,-1
353.0,Elev,1,  arrived at dest, 10, this call is done!, Elevator call,332.4267319,0,10,3,1, Done, dt, 20.573268100000007
361.0,Elev,0,  arrived at dest, -1, this call is done!, Elevator call,309.3005383,0,-1,3,0, Done, dt, 51.69946169999997
361.0,Elev,0,  arrived at dest, -1, this call is done!, Elevator call,312.3018556,0,-1,3,0, Done, dt, 48.69814439999999
361.0,Elev,0,  arrived at src, -1, Elevator call,320.9760749,-1,0,2,0
361.0,Elev,0,  arrived at src, -1, Elevator call,336.9304305,-1,0,2,0
361.0, elevID,0,  pos,-1,  cmd, goto,0
372.0,Elev,0,  arrived at dest, 0, this call is done!, Elevator call,320.9760749,-1,0,3,0, Done, dt, 51.023925099999985
372.0,Elev,0,  arrived at dest, 0, this call is done!, Elevator call,336.9304305,-1,0,3,0, Done, dt, 35.0695695
372.0, elevID,0,  pos,0,  cmd, goto,7
376.0,Elevator call,375.490481,1,0,1,1, got allocated to elevator, 1
376.0, elevID,1,  pos,10,  cmd, goto,1
385.0,Elev,0,  arrived at src, 7, Elevator call,321.370409,7,-1,2,0
385.0, elevID,0,  pos,7,  cmd, goto,-1
385.0,Elev,1,  arrived at src, 1, Elevator call,375.490481,1,0,2,1
385.0, elevID,1,  pos,1,  cmd, goto,0
393.0,Elevator call,392.5160765,0,5,1,1, got allocated to elevator, 1
393.0,Elev,1,  arrived at dest, 0, this call is done!, Elevator call,375.490481,1,0,3,1, Done, dt, 17.50951900000001
393.0,Elev,1,  arrived at src, 0, Elevator call,392.5160765,0,5,2,1
393.0, elevID,1,  pos,0,  cmd, goto,5
398.0,Elev,0,  arrived at dest, -1, this call is done!, Elevator call,321.370409,7,-1,3,0, Done, dt, 76.629591
401.0,Elev,1,  arrived at dest, 5, this call is done!, Elevator call,392.5160765,0,5,3,1, Done, dt, 8.483923500000003
406.0,Elevator call,405.1821141,-1,10,1,1, got allocated to elevator, 1
406.0, elevID,1,  pos,5,  cmd, goto,-1
414.0,Elev,1,  arrived at src, -1, Elevator call,405.1821141,-1,10,2,1
414.0, elevID,1,  pos,-1,  cmd, goto,10
423.0,Elev,1,  arrived at dest, 10, this call is done!, Elevator call,405.1821141,-1,10,3,1, Done, dt, 17.81788590000002
427.0,Elevator call,426.8615805,2,0,1,1, got allocated to elevator, 1
427.0, elevID,1,  pos,10,  cmd, goto,2
436.0,Elev,1,  arrived at src, 2, Elevator call,426.8615805,2,0,2,1
436.0, elevID,1,  pos,2,  cmd, goto,0
438.0,Elevator call,437.1711158,1,0,1,1, got allocated to elevator, 1
, elevID,1,  pos,2,  cmd, stop,1
444.0,Elev,1,  arrived at src, 1, Elevator call,437.1711158,1,0,2,1
444.0, elevID,1,  pos,1,  cmd, goto,0
452.0,Elev,1,  arrived at dest, 0, this call is done!, Elevator call,426.8615805,2,0,3,1, Done, dt, 25.138419499999998
452.0,Elev,1,  arrived at dest, 0, this call is done!, Elevator call,437.1711158,1,0,3,1, Done, dt, 14.828884200000005
473.0,Elevator call,472.7445474,10,-1,1,1, got allocated to elevator, 1
473.0, elevID,1,  pos,0,  cmd, goto,10
482.0,Elev,1,  arrived at src, 10, Elevator call,472.7445474,10,-1,2,1
482.0, elevID,1,  pos,10,  cmd, goto,-1
491.0,Elev,1,  arrived at dest, -1, this call is done!, Elevator call,472.7445474,10,-1,3,1, Done, dt, 18.255452600000012
501.0,Elevator call,500.3712045,8,-1,1,1, got allocated to elevator, 1
501.0, elevID,1,  pos,-1,  cmd, goto,8
504.0,Elevator call,503.1384784,1,-1,1,0, got allocated to elevator, 0
504.0, elevID,0,  pos,-1,  cmd, goto,1
505.0,Elevator call,504.4317942,0,-1,1,0, got allocated to elevator, 0
505.0, elevID,0,  pos,-1,  cmd, stop,0
510.0,Elev,1,  arrived at src, 8, Elevator call,500.3712045,8,-1,2,1
510.0, elevID,1,  pos,8,  cmd, goto,-1
515.0,Elev,0,  arrived at src, 0, Elevator call,504.4317942,0,-1,2,0
515.0, elevID,0,  pos,0,  cmd, goto,1
519.0,Elev,1,  arrived at dest, -1, this call is done!, Elevator call,500.3712045,8,-1,3,1, Done, dt, 18.628795500000024
526.0,Elev,0,  arrived at src, 1, Elevator call,503.1384784,1,-1,2,0
526.0, elevID,0,  pos,1,  cmd, goto,-1
530.0,Elevator call,529.6277472,3,-1,1,1, got allocated to elevator, 1
530.0, elevID,1,  pos,-1,  cmd, goto,3
537.0,Elev,0,  arrived at dest, -1, this call is done!, Elevator call,503.1384784,1,-1,3,0, Done, dt, 33.8615216
537.0,Elev,0,  arrived at dest, -1, this call is done!, Elevator call,504.4317942,0,-1,3,0, Done, dt, 32.56820579999999
538.0,Elevator call,537.7866884,-1,6,1,1, got allocated to elevator, 1
538.0,Elev,1,  arrived at src, 3, Elevator call,529.6277472,3,-1,2,1
538.0, elevID,1,  pos,3,  cmd, goto,-1
545.0,Elevator call,544.7880392,6,-1,1,0, got allocated to elevator, 0
545.0, elevID,0,  pos,-1,  cmd, goto,6
546.0,Elev,1,  arrived at dest, -1, this call is done!, Elevator call,529.6277472,3,-1,3,1, Done, dt, 16.372252799999956
546.0,Elev,1,  arrived at src, -1, Elevator call,537.7866884,-1,6,2,1
546.0, elevID,1,  pos,-1,  cmd, goto,6
555.0,Elevator call,554.0892923,4,0,1,1, got allocated to elevator, 1
555.0,Elev,1,  arrived at dest, 6, this call is done!, Elevator call,537.7866884,-1,6,3,1, Done, dt, 17.213311599999997
555.0, elevID,1,  pos,6,  cmd, goto,4
558.0,Elevator call,557.244139,10,0,1,0, got allocated to elevator, 0
558.0,Elev,0,  arrived at src, 6, Elevator call,544.7880392,6,-1,2,0
558.0, elevID,0,  pos,6,  cmd, goto,10
563.0,Elev,1,  arrived at src, 4, Elevator call,554.0892923,4,0,2,1
563.0, elevID,1,  pos,4,  cmd, goto,0
566.0,Elevator call,565.0195522,0,-1,1,1, got allocated to elevator, 1
570.0,Elev,0,  arrived at src, 10, Elevator call,557.244139,10,0,2,0
570.0, elevID,0,  pos,10,  cmd, goto,0
571.0,Elev,1,  arrived at dest, 0, this call is done!, Elevator call,554.0892923,4,0,3,1, Done, dt, 16.91070769999999
571.0,Elev,1,  arrived at src, 0, Elevator call,565.0195522,0,-1,2,1
571.0, elevID,1,  pos,0,  cmd, goto,-1
579.0,Elev,1,  arrived at dest, -1, this call is done!, Elevator call,565.0195522,0,-1,3,1, Done, dt, 13.980447799999979
582.0,Elevator call,581.870309,0,3,1,1, got allocated to elevator, 1
582.0, elevID,1,  pos,-1,  cmd, goto,0
584.0,Elev,0,  arrived at dest, 0, this call is done!, Elevator call,557.244139,10,0,3,0, Done, dt, 26.75586099999998
584.0, elevID,0,  pos,0,  cmd, goto,-1
590.0,Elev,1,  arrived at src, 0, Elevator call,581.870309,0,3,2,1
590.0, elevID,1,  pos,0,  cmd, goto,3
595.0,Elev,0,  arrived at dest, -1, this call is done!, Elevator call,544.7880392,6,-1,3,0, Done, dt, 50.21196080000004
597.0,Elevator call,596.1232023,8,0,1,1, got allocated to elevator, 1
598.0,Elev,1,  arrived at dest, 3, this call is done!, Elevator call,581.870309,0,3,3,1, Done, dt, 16.12969099999998
598.0, elevID,1,  pos,3,  cmd, goto,8
601.0,Elevator call,600.931288,1,0,1,0, got allocated to elevator, 0
601.0, elevID,0,  pos,-1,  cmd, goto,1
604.0,Elevator call,603.9342327,7,0,1,0, got allocated to elevator, 0
606.0,Elev,1,  arrived at src, 8, Elevator call,596.1232023,8,0,2,1
606.0, elevID,1,  pos,8,  cmd, goto,0
612.0,Elev,0,  arrived at src, 1, Elevator call,600.931288,1,0,2,0
612.0, elevID,0,  pos,1,  cmd, goto,7
615.0,Elev,1,  arrived at dest, 0, this call is done!, Elevator call,596.1232023,8,0,3,1, Done, dt, 18.876797699999997
618.0,Elevator call,617.9628339,0,3,1,1, got allocated to elevator, 1
618.0,Elev,1,  arrived at src, 0, Elevator call,617.9628339,0,3,2,1
618.0, elevID,1,  pos,0,  cmd, goto,3
620.0,Elevator call,619.6454197,9,0,1,0, got allocated to elevator, 0
624.0,Elev,0,  arrived at src, 7, Elevator call,603.9342327,7,0,2,0
624.0, elevID,0,  pos,7,  cmd, goto,9
626.0,Elev,1,  arrived at dest, 3, this call is done!, Elevator call,617.9628339,0,3,3,1, Done, dt, 8.037166100000036
627.0,Elevator call,626.2116172,0,1,1,1, got allocated to elevator, 1
627.0, elevID,1,  pos,3,  cmd, goto,0
635.0,Elev,0,  arrived at src, 9, Elevator call,619.6454197,9,0,2,0
635.0, elevID,0,  pos,9,  cmd, goto,0
635.0,Elev,1,  arrived at src, 0, Elevator call,626.2116172,0,1,2,1
635.0, elevID,1,  pos,0,  cmd, goto,1
643.0,Elev,1,  arrived at dest, 1, this call is done!, Elevator call,626.2116172,0,1,3,1, Done, dt, 16.788382800000022
644.0,Elevator call,643.8547515,-1,2,1,1, got allocated to elevator, 1
644.0, elevID,1,  pos,1,  cmd, goto,-1
648.0,Elev,0,  arrived at dest, 0, this call is done!, Elevator call,600.931288,1,0,3,0, Done, dt, 47.068712000000005
648.0,Elev,0,  arrived at dest, 0, this call is done!, Elevator call,603.9342327,7,0,3,0, Done, dt, 44.06576729999995
648.0,Elev,0,  arrived at dest, 0, this call is done!, Elevator call,619.6454197,9,0,3,0, Done, dt, 28.354580299999952
652.0,Elev,1,  arrived at src, -1, Elevator call,643.8547515,-1,2,2,1
652.0, elevID,1,  pos,-1,  cmd, goto,2
660.0,Elev,1,  arrived at dest, 2, this call is done!, Elevator call,643.8547515,-1,2,3,1, Done, dt, 16.14524849999998
661.0,Elevator call,660.0732908,6,10,1,1, got allocated to elevator, 1
661.0, elevID,1,  pos,2,  cmd, goto,6
662.0,Elevator call,661.042082,-1,3,1,0, got allocated to elevator, 0
662.0, elevID,0,  pos,0,  cmd, goto,-1
663.0,Elevator call,662.1730528,-1,5,1,0, got allocated to elevator, 0
666.0,Elevator call,665.1155549,-1,8,1,0, got allocated to elevator, 0
667.0,Elevator call,666.0340295,4,0,1,0, got allocated to elevator, 0
667.0,Elevator call,666.2411587,5,-1,1,0, got allocated to elevator, 0
669.0,Elev,1,  arrived at src, 6, Elevator call,660.0732908,6,10,2,1
669.0, elevID,1,  pos,6,  cmd, goto,10
673.0,Elevator call,672.6773142,0,-1,1,1, got allocated to elevator, 1
673.0,Elev,0,  arrived at src, -1, Elevator call,661.042082,-1,3,2,0
673.0,Elev,0,  arrived at src, -1, Elevator call,662.1730528,-1,5,2,0
673.0,Elev,0,  arrived at src, -1, Elevator call,665.1155549,-1,8,2,0
673.0, elevID,0,  pos,-1,  cmd, goto,3
677.0,Elev,1,  arrived at dest, 10, this call is done!, Elevator call,660.0732908,6,10,3,1, Done, dt, 16.926709200000005
677.0, elevID,1,  pos,10,  cmd, goto,0
678.0,Elevator call,677.7341948,0,-1,1,0, got allocated to elevator, 0
678.0, elevID,0,  pos,-1,  cmd, stop,0
679.0,Elevator call,678.9953585,-1,-2,1,0, got allocated to elevator, 0
684.0,Elev,0,  arrived at src, 0, Elevator call,677.7341948,0,-1,2,0
684.0, elevID,0,  pos,0,  cmd, goto,3
686.0,Elev,1,  arrived at src, 0, Elevator call,672.6773142,0,-1,2,1
686.0, elevID,1,  pos,0,  cmd, goto,-1
694.0,Elev,1,  arrived at dest, -1, this call is done!, Elevator call,672.6773142,0,-1,3,1, Done, dt, 21.322685800000045
695.0,Elev,0,  arrived at dest, 3, this call is done!, Elevator call,661.042082,-1,3,3,0, Done, dt, 33.95791799999995
695.0, elevID,0,  pos,3,  cmd, goto,4
696.0,Elevator call,695.2239882,0,10,1,1, got allocated to elevator, 1
696.0, elevID,1,  pos,-1,  cmd, goto,0
704.0,Elev,1,  arrived at src, 0, Elevator call,695.2239882,0,10,2,1
704.0, elevID,1,  pos,0,  cmd, goto,10
706.0,Elev,0,  arrived at src, 4, Elevator call,666.0340295,4,0,2,0
706.0, elevID,0,  pos,4,  cmd, goto,5
707.0,Elevator call,706.1583475,-1,-2,1,1, got allocated to elevator, 1
711.0,Elevator call,710.324977,0,1,1,0, got allocated to elevator, 0
713.0,Elev,1,  arrived at dest, 10, this call is done!, Elevator call,695.2239882,0,10,3,1, Done, dt, 17.776011799999992
713.0, elevID,1,  pos,10,  cmd, goto,-1
714.0,Elevator call,713.0191971,1,0,1,0, got allocated to elevator, 0
714.0,Elevator call,713.2499766,10,-1,1,0, got allocated to elevator, 0
717.0,Elev,0,  arrived at dest, 5, this call is done!, Elevator call,662.1730528,-1,5,3,0, Done, dt, 54.82694719999995
717.0,Elev,0,  arrived at src, 5, Elevator call,666.2411587,5,-1,2,0
717.0, elevID,0,  pos,5,  cmd, goto,8
722.0,Elev,1,  arrived at src, -1, Elevator call,706.1583475,-1,-2,2,1
722.0, elevID,1,  pos,-1,  cmd, goto,-2
723.0,Elevator call,722.6161213,10,0,1,1, got allocated to elevator, 1
728.0,Elevator call,727.5146029,-1,0,1,0, got allocated to elevator, 0
728.0,Elev,0,  arrived at dest, 8, this call is done!, Elevator call,665.1155549,-1,8,3,0, Done, dt, 62.88444509999999
728.0, elevID,0,  pos,8,  cmd, goto,10
730.0,Elev,1,  arrived at dest, -2, this call is done!, Elevator call,706.1583475,-1,-2,3,1, Done, dt, 23.84165250000001
730.0, elevID,1,  pos,-2,  cmd, goto,10
733.0,Elevator call,732.9746341,6,-1,1,1, got allocated to elevator, 1
733.0, elevID,1,  pos,-2,  cmd, stop,6
738.0,Elevator call,737.3147202,1,0,1,0, got allocated to elevator, 0
739.0,Elev,0,  arrived at src, 10, Elevator call,713.2499766,10,-1,2,0
739.0, elevID,0,  pos,10,  cmd, goto,1
739.0,Elev,1,  arrived at src, 6, Elevator call,732.9746341,6,-1,2,1
739.0, elevID,1,  pos,6,  cmd, goto,10
747.0,Elev,1,  arrived at src, 10, Elevator call,722.6161213,10,0,2,1
747.0, elevID,1,  pos,10,  cmd, goto,0
752.0,Elev,0,  arrived at src, 1, Elevator call,713.0191971,1,0,2,0
752.0,Elev,0,  arrived at src, 1, Elevator call,737.3147202,1,0,2,0
752.0, elevID,0,  pos,1,  cmd, goto,0
756.0,Elev,1,  arrived at dest, 0, this call is done!, Elevator call,722.6161213,10,0,3,1, Done, dt, 33.38387869999997
756.0, elevID,1,  pos,0,  cmd, goto,-1
763.0,Elev,0,  arrived at dest, 0, this call is done!, Elevator call,666.0340295,4,0,3,0, Done, dt, 96.96597050000003
763.0,Elev,0,  arrived at src, 0, Elevator call,710.324977,0,1,2,0
763.0,Elev,0,  arrived at dest, 0, this call is done!, Elevator call,713.0191971,1,0,3,0, Done, dt, 49.98080289999996
763.0,Elev,0,  arrived at dest, 0, this call is done!, Elevator call,737.3147202,1,0,3,0, Done, dt, 25.68527979999999
763.0, elevID,0,  pos,0,  cmd, goto,-1
764.0,Elev,1,  arrived at dest, -1, this call is done!, Elevator call,732.9746341,6,-1,3,1, Done, dt, 31.025365899999997
774.0,Elev,0,  arrived at dest, -1, this call is done!, Elevator call,666.2411587,5,-1,3,0, Done, dt, 107.75884129999997
774.0,Elev,0,  arrived at dest, -1, this call is done!, Elevator call,677.7341948,0,-1,3,0, Done, dt, 96.26580520000005
774.0,Elev,0,  arrived at src, -1, Elevator call,678.9953585,-1,-2,2,0
774.0,Elev,0,  arrived at dest, -1, this call is done!, Elevator call,713.2499766,10,-1,3,0, Done, dt, 60.75002340000003
774.0,Elev,0,  arrived at src, -1, Elevator call,727.5146029,-1,0,2,0
774.0, elevID,0,  pos,-1,  cmd, goto,-2
780.0,Elevator call,779.3996914,-1,5,1,1, got allocated to elevator, 1
780.0,Elev,1,  arrived at src, -1, Elevator call,779.3996914,-1,5,2,1
780.0, elevID,1,  pos,-1,  cmd, goto,5
785.0,Elev,0,  arrived at dest, -2, this call is done!, Elevator call,678.9953585,-1,-2,3,0, Done, dt, 106.00464150000005
785.0, elevID,0,  pos,-2,  cmd, goto,0
788.0,Elev,1,  arrived at dest, 5, this call is done!, Elevator call,779.3996914,-1,5,3,1, Done, dt, 8.600308599999948
796.0,Elev,0,  arrived at dest, 0, this call is done!, Elevator call,727.5146029,-1,0,3,0, Done, dt, 68.4853971
796.0, elevID,0,  pos,0,  cmd, goto,1
806.0,Elevator call,805.6754743,-1,-2,1,1, got allocated to elevator, 1
806.0, elevID,1,  pos,5,  cmd, goto,-1
807.0,Elev,0,  arrived at dest, 1, this call is done!, Elevator call,710.324977,0,1,3,0, Done, dt, 96.67502300000001
811.0,Elevator call,810.4469089,2,0,1,0, got allocated to elevator, 0
811.0, elevID,0,  pos,1,  cmd, goto,2
814.0,Elev,1,  arrived at src, -1, Elevator call,805.6754743,-1,-2,2,1
814.0, elevID,1,  pos,-1,  cmd, goto,-2
817.0,Elevator call,816.1516998,7,-1,1,1, got allocated to elevator, 1
822.0,Elev,0,  arrived at src, 2, Elevator call,810.4469089,2,0,2,0
822.0, elevID,0,  pos,2,  cmd, goto,0
822.0,Elev,1,  arrived at dest, -2, this call is done!, Elevator call,805.6754743,-1,-2,3,1, Done, dt, 16.32452569999998
822.0, elevID,1,  pos,-2,  cmd, goto,7
826.0,Elevator call,825.4575185,7,0,1,1, got allocated to elevator, 1
831.0,Elev,1,  arrived at src, 7, Elevator call,816.1516998,7,-1,2,1
831.0,Elev,1,  arrived at src, 7, Elevator call,825.4575185,7,0,2,1
831.0, elevID,1,  pos,7,  cmd, goto,0
833.0,Elev,0,  arrived at dest, 0, this call is done!, Elevator call,810.4469089,2,0,3,0, Done, dt, 22.55309109999996
840.0,Elevator call,839.8525653,0,1,1,1, got allocated to elevator, 1
840.0,Elev,1,  arrived at dest, 0, this call is done!, Elevator call,825.4575185,7,0,3,1, Done, dt, 14.542481500000008
840.0,Elev,1,  arrived at src, 0, Elevator call,839.8525653,0,1,2,1
840.0, elevID,1,  pos,0,  cmd, goto,-1
848.0,Elev,1,  arrived at dest, -1, this call is done!, Elevator call,816.1516998,7,-1,3,1, Done, dt, 31.84830020000004
848.0, elevID,1,  pos,-1,  cmd, goto,1
855.0,Elevator call,854.2002278,6,-1,1,1, got allocated to elevator, 1
856.0,Elev,1,  arrived at dest, 1, this call is done!, Elevator call,839.8525653,0,1,3,1, Done, dt, 16.147434699999963
856.0, elevID,1,  pos,1,  cmd, goto,6
864.0,Elevator call,863.8932913,0,-1,1,1, got allocated to elevator, 1
864.0,Elev,1,  arrived at src, 6, Elevator call,854.2002278,6,-1,2,1
864.0, elevID,1,  pos,6,  cmd, goto,0
871.0,Elevator call,870.5053024,0,7,1,0, got allocated to elevator, 0
871.0,Elev,0,  arrived at src, 0, Elevator call,870.5053024,0,7,2,0
871.0, elevID,0,  pos,0,  cmd, goto,7
872.0,Elev,1,  arrived at src, 0, Elevator call,863.8932913,0,-1,2,1
872.0, elevID,1,  pos,0,  cmd, goto,-1
880.0,Elev,1,  arrived at dest, -1, this call is done!, Elevator call,854.2002278,6,-1,3,1, Done, dt, 25.799772200000007
880.0,Elev,1,  arrived at dest, -1, this call is done!, Elevator call,863.8932913,0,-1,3,1, Done, dt, 16.106708700000013
884.0,Elev,0,  arrived at dest, 7, this call is done!, Elevator call,870.5053024,0,7,3,0, Done, dt, 13.494697599999995
887.0,Elevator call,886.5649993,-1,-2,1,1, got allocated to elevator, 1
887.0,Elev,1,  arrived at src, -1, Elevator call,886.5649993,-1,-2,2,1
887.0, elevID,1,  pos,-1,  cmd, goto,-2
893.0,Elevator call,892.5212151,9,-1,1,0, got allocated to elevator, 0
893.0, elevID,0,  pos,7,  cmd, goto,9
895.0,Elev,1,  arrived at dest, -2, this call is done!, Elevator call,886.5649993,-1,-2,3,1, Done, dt, 8.435000700000046
904.0,Elev,0,  arrived at src, 9, Elevator call,892.5212151,9,-1,2,0
904.0, elevID,0,  pos,9,  cmd, goto,-1
911.0,Elevator call,910.5388559,6,5,1,1, got allocated to elevator, 1
911.0, elevID,1,  pos,-2,  cmd, goto,6
916.0,Elevator call,915.9490575,4,-1,1,0, got allocated to elevator, 0
918.0,Elev,0,  arrived at dest, -1, this call is done!, Elevator call,892.5212151,9,-1,3,0, Done, dt, 25.47878490000005
918.0, elevID,0,  pos,-1,  cmd, goto,4
920.0,Elev,1,  arrived at src, 6, Elevator call,910.5388559,6,5,2,1
920.0, elevID,1,  pos,6,  cmd, goto,5
928.0,Elev,1,  arrived at dest, 5, this call is done!, Elevator call,910.5388559,6,5,3,1, Done, dt, 17.461144099999956
930.0,Elev,0,  arrived at src, 4, Elevator call,915.9490575,4,-1,2,0
930.0, elevID,0,  pos,4,  cmd, goto,-1
934.0,Elevator call,933.8580452,7,5,1,1, got allocated to elevator, 1
934.0, elevID,1,  pos,5,  cmd, goto,7
942.0,Elev,0,  arrived at dest, -1, this call is done!, Elevator call,915.9490575,4,-1,3,0, Done, dt, 26.05094250000002
942.0,Elev,1,  arrived at src, 7, Elevator call,933.8580452,7,5,2,1
942.0, elevID,1,  pos,7,  cmd, goto,5
950.0,Elev,1,  arrived at dest, 5, this call is done!, Elevator call,933.8580452,7,5,3,1, Done, dt, 16.141954800000008
962.0,Elevator call,961.6862856,6,-1,1,1, got allocated to elevator, 1
962.0, elevID,1,  pos,5,  cmd, goto,6
970.0,Elev,1,  arrived at src, 6, Elevator call,961.6862856,6,-1,2,1
970.0, elevID,1,  pos,6,  cmd, goto,-1
973.0,Elevator call,972.8032126,1,0,1,1, got allocated to elevator, 1
, elevID,1,  pos,6,  cmd, stop,1
976.0,Elevator call,975.8361203,0,-1,1,0, got allocated to elevator, 0
976.0, elevID,0,  pos,-1,  cmd, goto,0
978.0,Elev,1,  arrived at src, 1, Elevator call,972.8032126,1,0,2,1
978.0, elevID,1,  pos,1,  cmd, goto,0
979.0,Elevator call,978.5925149,10,0,1,0, got allocated to elevator, 0
979.0,Elevator call,978.6210501,10,-1,1,0, got allocated to elevator, 0
985.0,Elevator call,984.1840186,7,0,1,1, got allocated to elevator, 1
986.0,Elev,1,  arrived at dest, 0, this call is done!, Elevator call,972.8032126,1,0,3,1, Done, dt, 13.196787399999948
986.0, elevID,1,  pos,0,  cmd, goto,-1
987.0,Elev,0,  arrived at src, 0, Elevator call,975.8361203,0,-1,2,0
987.0, elevID,0,  pos,0,  cmd, goto,10
994.0,Elev,1,  arrived at dest, -1, this call is done!, Elevator call,961.6862856,6,-1,3,1, Done, dt, 32.31371439999998
994.0, elevID,1,  pos,-1,  cmd, goto,7
1001.0,Elev,0,  arrived at src, 10, Elevator call,978.5925149,10,0,2,0
1001.0,Elev,0,  arrived at src, 10, Elevator call,978.6210501,10,-1,2,0
1001.0, elevID,0,  pos,10,  cmd, goto,0
1003.0,Elev,1,  arrived at src, 7, Elevator call,984.1840186,7,0,2,1
1003.0, elevID,1,  pos,7,  cmd, goto,0
1012.0,Elev,1,  arrived at dest, 0, this call is done!, Elevator call,984.1840186,7,0,3,1, Done, dt, 27.815981400000055
1015.0,Elev,0,  arrived at dest, 0, this call is done!, Elevator call,978.5925149,10,0,3,0, Done, dt, 36.40748510000003
1015.0, elevID,0,  pos,0,  cmd, goto,-1
1026.0,Elev,0,  arrived at dest, -1, this call is done!, Elevator call,975.8361203,0,-1,3,0, Done, dt, 50.16387970000005
1026.0,Elev,0,  arrived at dest, -1, this call is done!, Elevator call,978.6210501,10,-1,3,0, Done, dt, 47.37894989999995
1027.0,************* Simulation Ended ************
Code Owners,212831879,  Building_file,/Users/ofirrubin/PycharmProjects/OOP-Ex1/Ex1_input/Ex1_Buildings/B3.json,  Calls,/Users/ofirrubin/PycharmProjects/OOP-Ex1/Ex1_output/b3_cA.csv
Total waiting time: 3239.0,  average waiting time per call: 32.39,  unCompleted calls,0,  certificate, -18115189
