Ex1 (OOP) Simulator log: stage /Users/ofirrubin/PycharmProjects/OOP-Ex1/Ex1_input/Ex1_Buildings/B4.json,  /Users/ofirrubin/PycharmProjects/OOP-Ex1/Ex1_output/b4_cA.csv
0.0,OOP_Ex1_Elevator_Simulator
0.0,Simulated Building, Building [-10,100]
0) ex1.Elevator_A, Elev_, id,0,  speed, 1.0, open: 2.0,  start: 3.0, close: 2.0,  stop: 3.0
1) ex1.Elevator_A, Elev_, id,1,  speed, 2.0, open: 2.0,  start: 3.0, close: 2.0,  stop: 3.0
2) ex1.Elevator_A, Elev_, id,2,  speed, 8.0, open: 1.25,  start: 1.875, close: 1.25,  stop: 1.875
3) ex1.Elevator_A, Elev_, id,3,  speed, 6.0, open: 1.6666666666666667,  start: 2.5, close: 1.6666666666666667,  stop: 2.5
4) ex1.Elevator_A, Elev_, id,4,  speed, 2.0, open: 2.0,  start: 3.0, close: 2.0,  stop: 3.0

0.0,Simulated Period starTime,0.0,  endTime,1104.1840186,  dt,1.0
0.0,Simulated  calls,Elevator log, size: 100
0.0,**** Simulation starts!! ****
5.0,Elevator call,4.37472729,0,-1,1,2, got allocated to elevator, 2
5.0,Elev,2,  arrived at src, 0, Elevator call,4.37472729,0,-1,2,2
5.0, elevID,2,  pos,0,  cmd, goto,-1
12.0,Elev,2,  arrived at dest, -1, this call is done!, Elevator call,4.37472729,0,-1,3,2, Done, dt, 7.62527271
17.0,Elevator call,16.95788289,-1,0,1,2, got allocated to elevator, 2
17.0,Elev,2,  arrived at src, -1, Elevator call,16.95788289,-1,0,2,2
17.0, elevID,2,  pos,-1,  cmd, goto,0
23.0,Elevator call,22.0940563,0,-1,1,3, got allocated to elevator, 3
23.0,Elev,3,  arrived at src, 0, Elevator call,22.0940563,0,-1,2,3
23.0, elevID,3,  pos,0,  cmd, goto,-1
24.0,Elev,2,  arrived at dest, 0, this call is done!, Elevator call,16.95788289,-1,0,3,2, Done, dt, 7.0421171099999995
32.0,Elev,3,  arrived at dest, -1, this call is done!, Elevator call,22.0940563,0,-1,3,3, Done, dt, 9.905943700000002
86.0,Elevator call,85.52096662,3,2,1,2, got allocated to elevator, 2
86.0, elevID,2,  pos,0,  cmd, goto,3
92.0,Elevator call,91.21019413,-1,-2,1,3, got allocated to elevator, 3
92.0,Elev,3,  arrived at src, -1, Elevator call,91.21019413,-1,-2,2,3
92.0, elevID,3,  pos,-1,  cmd, goto,-2
93.0,Elev,2,  arrived at src, 3, Elevator call,85.52096662,3,2,2,2
93.0, elevID,2,  pos,3,  cmd, goto,2
100.0,Elev,2,  arrived at dest, 2, this call is done!, Elevator call,85.52096662,3,2,3,2, Done, dt, 14.479033380000004
101.0,Elev,3,  arrived at dest, -2, this call is done!, Elevator call,91.21019413,-1,-2,3,3, Done, dt, 9.789805869999995
105.0,Elevator call,104.1370124,0,4,1,2, got allocated to elevator, 2
105.0, elevID,2,  pos,2,  cmd, goto,0
110.0,Elevator call,109.2135291,-1,0,1,3, got allocated to elevator, 3
110.0, elevID,3,  pos,-2,  cmd, goto,-1
112.0,Elev,2,  arrived at src, 0, Elevator call,104.1370124,0,4,2,2
112.0, elevID,2,  pos,0,  cmd, goto,4
115.0,Elevator call,114.392351,3,0,1,2, got allocated to elevator, 2
115.0, elevID,2,  pos,0,  cmd, stop,3
119.0,Elev,2,  arrived at src, 3, Elevator call,114.392351,3,0,2,2
119.0, elevID,2,  pos,3,  cmd, goto,4
119.0,Elev,3,  arrived at src, -1, Elevator call,109.2135291,-1,0,2,3
119.0, elevID,3,  pos,-1,  cmd, goto,0
125.0,Elevator call,124.425571,0,9,1,2, got allocated to elevator, 2
126.0,Elev,2,  arrived at dest, 4, this call is done!, Elevator call,104.1370124,0,4,3,2, Done, dt, 21.862987599999997
126.0, elevID,2,  pos,4,  cmd, goto,0
128.0,Elev,3,  arrived at dest, 0, this call is done!, Elevator call,109.2135291,-1,0,3,3, Done, dt, 18.786470899999998
131.0,Elevator call,130.0249568,8,10,1,3, got allocated to elevator, 3
131.0,Elevator call,130.2249113,-1,1,1,0, got allocated to elevator, 0
131.0, elevID,0,  pos,0,  cmd, goto,-1
131.0, elevID,3,  pos,0,  cmd, goto,8
133.0,Elev,2,  arrived at dest, 0, this call is done!, Elevator call,114.392351,3,0,3,2, Done, dt, 18.607648999999995
133.0,Elev,2,  arrived at src, 0, Elevator call,124.425571,0,9,2,2
133.0, elevID,2,  pos,0,  cmd, goto,9
138.0,Elevator call,137.9515274,0,4,1,2, got allocated to elevator, 2
141.0,Elev,2,  arrived at dest, 9, this call is done!, Elevator call,124.425571,0,9,3,2, Done, dt, 16.574428999999995
141.0, elevID,2,  pos,9,  cmd, goto,0
141.0,Elev,3,  arrived at src, 8, Elevator call,130.0249568,8,10,2,3
141.0, elevID,3,  pos,8,  cmd, goto,10
142.0,Elev,0,  arrived at src, -1, Elevator call,130.2249113,-1,1,2,0
142.0, elevID,0,  pos,-1,  cmd, goto,1
144.0,Elevator call,143.9133584,0,6,1,3, got allocated to elevator, 3
149.0,Elev,2,  arrived at src, 0, Elevator call,137.9515274,0,4,2,2
149.0, elevID,2,  pos,0,  cmd, goto,4
150.0,Elev,3,  arrived at dest, 10, this call is done!, Elevator call,130.0249568,8,10,3,3, Done, dt, 19.975043199999988
150.0, elevID,3,  pos,10,  cmd, goto,0
154.0,Elev,0,  arrived at dest, 1, this call is done!, Elevator call,130.2249113,-1,1,3,0, Done, dt, 23.775088699999998
156.0,Elev,2,  arrived at dest, 4, this call is done!, Elevator call,137.9515274,0,4,3,2, Done, dt, 18.048472599999997
160.0,Elev,3,  arrived at src, 0, Elevator call,143.9133584,0,6,2,3
160.0, elevID,3,  pos,0,  cmd, goto,6
170.0,Elevator call,169.7845834,-1,0,1,2, got allocated to elevator, 2
170.0, elevID,2,  pos,4,  cmd, goto,-1
170.0,Elev,3,  arrived at dest, 6, this call is done!, Elevator call,143.9133584,0,6,3,3, Done, dt, 26.086641600000007
171.0,Elevator call,170.0099621,0,6,1,3, got allocated to elevator, 3
171.0, elevID,3,  pos,6,  cmd, goto,0
172.0,Elevator call,171.2117332,-1,8,1,1, got allocated to elevator, 1
172.0, elevID,1,  pos,0,  cmd, goto,-1
175.0,Elevator call,174.8438515,0,-1,1,0, got allocated to elevator, 0
175.0, elevID,0,  pos,1,  cmd, goto,0
177.0,Elev,2,  arrived at src, -1, Elevator call,169.7845834,-1,0,2,2
177.0, elevID,2,  pos,-1,  cmd, goto,0
181.0,Elev,3,  arrived at src, 0, Elevator call,170.0099621,0,6,2,3
181.0, elevID,3,  pos,0,  cmd, goto,6
183.0,Elev,1,  arrived at src, -1, Elevator call,171.2117332,-1,8,2,1
183.0, elevID,1,  pos,-1,  cmd, goto,8
184.0,Elev,2,  arrived at dest, 0, this call is done!, Elevator call,169.7845834,-1,0,3,2, Done, dt, 14.215416599999998
186.0,Elev,0,  arrived at src, 0, Elevator call,174.8438515,0,-1,2,0
186.0, elevID,0,  pos,0,  cmd, goto,-1
188.0,Elevator call,187.1167862,-1,-2,1,2, got allocated to elevator, 2
188.0,Elevator call,187.7299318,-1,-2,1,3, got allocated to elevator, 3
188.0, elevID,2,  pos,0,  cmd, goto,-1
191.0,Elev,3,  arrived at dest, 6, this call is done!, Elevator call,170.0099621,0,6,3,3, Done, dt, 20.990037900000004
191.0, elevID,3,  pos,6,  cmd, goto,-1
195.0,Elev,2,  arrived at src, -1, Elevator call,187.1167862,-1,-2,2,2
195.0, elevID,2,  pos,-1,  cmd, goto,-2
196.0,Elevator call,195.9086965,0,7,1,2, got allocated to elevator, 2
197.0,Elev,0,  arrived at dest, -1, this call is done!, Elevator call,174.8438515,0,-1,3,0, Done, dt, 22.1561485
198.0,Elevator call,197.5359191,-1,1,1,3, got allocated to elevator, 3
198.0,Elev,1,  arrived at dest, 8, this call is done!, Elevator call,171.2117332,-1,8,3,1, Done, dt, 26.788266800000002
201.0,Elev,3,  arrived at src, -1, Elevator call,187.7299318,-1,-2,2,3
201.0,Elev,3,  arrived at src, -1, Elevator call,197.5359191,-1,1,2,3
201.0, elevID,3,  pos,-1,  cmd, goto,-2
202.0,Elev,2,  arrived at dest, -2, this call is done!, Elevator call,187.1167862,-1,-2,3,2, Done, dt, 14.883213799999993
202.0, elevID,2,  pos,-2,  cmd, goto,0
206.0,Elevator call,205.9895199,-1,0,1,2, got allocated to elevator, 2
209.0,Elev,2,  arrived at src, 0, Elevator call,195.9086965,0,7,2,2
209.0, elevID,2,  pos,0,  cmd, goto,7
210.0,Elev,3,  arrived at dest, -2, this call is done!, Elevator call,187.7299318,-1,-2,3,3, Done, dt, 22.270068199999997
210.0, elevID,3,  pos,-2,  cmd, goto,1
217.0,Elev,2,  arrived at dest, 7, this call is done!, Elevator call,195.9086965,0,7,3,2, Done, dt, 21.09130350000001
217.0, elevID,2,  pos,7,  cmd, goto,-1
219.0,Elev,3,  arrived at dest, 1, this call is done!, Elevator call,197.5359191,-1,1,3,3, Done, dt, 21.4640809
225.0,Elev,2,  arrived at src, -1, Elevator call,205.9895199,-1,0,2,2
225.0, elevID,2,  pos,-1,  cmd, goto,0
228.0,Elevator call,227.0798305,-1,5,1,2, got allocated to elevator, 2
228.0, elevID,2,  pos,-1,  cmd, stop,-1
232.0,Elevator call,231.5157882,-1,0,1,3, got allocated to elevator, 3
232.0,Elev,2,  arrived at src, -1, Elevator call,227.0798305,-1,5,2,2
232.0, elevID,2,  pos,-1,  cmd, goto,0
232.0, elevID,3,  pos,1,  cmd, goto,-1
233.0,Elevator call,232.9504362,0,-1,1,0, got allocated to elevator, 0
233.0, elevID,0,  pos,-1,  cmd, goto,0
239.0,Elev,2,  arrived at dest, 0, this call is done!, Elevator call,205.9895199,-1,0,3,2, Done, dt, 33.010480099999995
239.0, elevID,2,  pos,0,  cmd, goto,5
241.0,Elev,3,  arrived at src, -1, Elevator call,231.5157882,-1,0,2,3
241.0, elevID,3,  pos,-1,  cmd, goto,0
244.0,Elev,0,  arrived at src, 0, Elevator call,232.9504362,0,-1,2,0
244.0, elevID,0,  pos,0,  cmd, goto,-1
246.0,Elev,2,  arrived at dest, 5, this call is done!, Elevator call,227.0798305,-1,5,3,2, Done, dt, 18.920169499999986
250.0,Elev,3,  arrived at dest, 0, this call is done!, Elevator call,231.5157882,-1,0,3,3, Done, dt, 18.484211799999997
252.0,Elevator call,251.1044469,-1,-2,1,2, got allocated to elevator, 2
252.0,Elevator call,251.2359335,0,9,1,3, got allocated to elevator, 3
252.0, elevID,2,  pos,5,  cmd, goto,-1
252.0,Elev,3,  arrived at src, 0, Elevator call,251.2359335,0,9,2,3
252.0, elevID,3,  pos,0,  cmd, goto,9
255.0,Elevator call,254.6977153,3,4,1,0, got allocated to elevator, 0
255.0,Elev,0,  arrived at dest, -1, this call is done!, Elevator call,232.9504362,0,-1,3,0, Done, dt, 22.049563799999987
255.0, elevID,0,  pos,-1,  cmd, goto,3
258.0,Elevator call,257.7974435,-1,0,1,2, got allocated to elevator, 2
259.0,Elev,2,  arrived at src, -1, Elevator call,251.1044469,-1,-2,2,2
259.0,Elev,2,  arrived at src, -1, Elevator call,257.7974435,-1,0,2,2
259.0, elevID,2,  pos,-1,  cmd, goto,-2
262.0,Elev,3,  arrived at dest, 9, this call is done!, Elevator call,251.2359335,0,9,3,3, Done, dt, 10.764066500000013
266.0,Elev,2,  arrived at dest, -2, this call is done!, Elevator call,251.1044469,-1,-2,3,2, Done, dt, 14.8955531
266.0, elevID,2,  pos,-2,  cmd, goto,0
269.0,Elev,0,  arrived at src, 3, Elevator call,254.6977153,3,4,2,0
269.0, elevID,0,  pos,3,  cmd, goto,4
273.0,Elev,2,  arrived at dest, 0, this call is done!, Elevator call,257.7974435,-1,0,3,2, Done, dt, 15.202556500000014
280.0,Elev,0,  arrived at dest, 4, this call is done!, Elevator call,254.6977153,3,4,3,0, Done, dt, 25.3022847
296.0,Elevator call,295.7943357,0,1,1,2, got allocated to elevator, 2
296.0,Elev,2,  arrived at src, 0, Elevator call,295.7943357,0,1,2,2
296.0, elevID,2,  pos,0,  cmd, goto,1
303.0,Elev,2,  arrived at dest, 1, this call is done!, Elevator call,295.7943357,0,1,3,2, Done, dt, 7.205664300000024
305.0,Elevator call,304.9984388,6,0,1,2, got allocated to elevator, 2
305.0, elevID,2,  pos,1,  cmd, goto,6
310.0,Elevator call,309.3005383,0,-1,1,3, got allocated to elevator, 3
310.0, elevID,3,  pos,9,  cmd, goto,0
312.0,Elev,2,  arrived at src, 6, Elevator call,304.9984388,6,0,2,2
312.0, elevID,2,  pos,6,  cmd, goto,0
313.0,Elevator call,312.3018556,0,-1,1,2, got allocated to elevator, 2
317.0,Elevator call,316.0323783,0,-1,1,0, got allocated to elevator, 0
317.0, elevID,0,  pos,4,  cmd, goto,0
319.0,Elev,2,  arrived at dest, 0, this call is done!, Elevator call,304.9984388,6,0,3,2, Done, dt, 14.001561200000026
319.0,Elev,2,  arrived at src, 0, Elevator call,312.3018556,0,-1,2,2
319.0, elevID,2,  pos,0,  cmd, goto,-1
320.0,Elevator call,319.905202,6,5,1,2, got allocated to elevator, 2
320.0,Elev,3,  arrived at src, 0, Elevator call,309.3005383,0,-1,2,3
320.0, elevID,3,  pos,0,  cmd, goto,-1
321.0,Elevator call,320.9760749,-1,0,1,3, got allocated to elevator, 3
322.0,Elevator call,321.370409,7,-1,1,1, got allocated to elevator, 1
322.0, elevID,1,  pos,8,  cmd, goto,7
326.0,Elev,2,  arrived at dest, -1, this call is done!, Elevator call,312.3018556,0,-1,3,2, Done, dt, 13.69814439999999
326.0, elevID,2,  pos,-1,  cmd, goto,6
329.0,Elev,3,  arrived at dest, -1, this call is done!, Elevator call,309.3005383,0,-1,3,3, Done, dt, 19.699461699999972
329.0,Elev,3,  arrived at src, -1, Elevator call,320.9760749,-1,0,2,3
329.0, elevID,3,  pos,-1,  cmd, goto,0
331.0,Elev,0,  arrived at src, 0, Elevator call,316.0323783,0,-1,2,0
331.0, elevID,0,  pos,0,  cmd, goto,-1
333.0,Elevator call,332.4267319,0,10,1,2, got allocated to elevator, 2
333.0,Elev,1,  arrived at src, 7, Elevator call,321.370409,7,-1,2,1
333.0, elevID,1,  pos,7,  cmd, goto,-1
334.0,Elev,2,  arrived at src, 6, Elevator call,319.905202,6,5,2,2
334.0, elevID,2,  pos,6,  cmd, goto,5
337.0,Elevator call,336.9304305,-1,0,1,3, got allocated to elevator, 3
338.0,Elev,3,  arrived at dest, 0, this call is done!, Elevator call,320.9760749,-1,0,3,3, Done, dt, 17.023925099999985
338.0, elevID,3,  pos,0,  cmd, goto,-1
341.0,Elev,2,  arrived at dest, 5, this call is done!, Elevator call,319.905202,6,5,3,2, Done, dt, 21.094798000000026
341.0, elevID,2,  pos,5,  cmd, goto,0
342.0,Elev,0,  arrived at dest, -1, this call is done!, Elevator call,316.0323783,0,-1,3,0, Done, dt, 25.967621699999995
347.0,Elev,1,  arrived at dest, -1, this call is done!, Elevator call,321.370409,7,-1,3,1, Done, dt, 25.629591000000005
347.0,Elev,3,  arrived at src, -1, Elevator call,336.9304305,-1,0,2,3
347.0, elevID,3,  pos,-1,  cmd, goto,0
348.0,Elev,2,  arrived at src, 0, Elevator call,332.4267319,0,10,2,2
348.0, elevID,2,  pos,0,  cmd, goto,10
356.0,Elev,2,  arrived at dest, 10, this call is done!, Elevator call,332.4267319,0,10,3,2, Done, dt, 23.573268100000007
356.0,Elev,3,  arrived at dest, 0, this call is done!, Elevator call,336.9304305,-1,0,3,3, Done, dt, 19.0695695
376.0,Elevator call,375.490481,1,0,1,2, got allocated to elevator, 2
376.0, elevID,2,  pos,10,  cmd, goto,1
384.0,Elev,2,  arrived at src, 1, Elevator call,375.490481,1,0,2,2
384.0, elevID,2,  pos,1,  cmd, goto,0
391.0,Elev,2,  arrived at dest, 0, this call is done!, Elevator call,375.490481,1,0,3,2, Done, dt, 15.509519000000012
393.0,Elevator call,392.5160765,0,5,1,2, got allocated to elevator, 2
393.0,Elev,2,  arrived at src, 0, Elevator call,392.5160765,0,5,2,2
393.0, elevID,2,  pos,0,  cmd, goto,5
400.0,Elev,2,  arrived at dest, 5, this call is done!, Elevator call,392.5160765,0,5,3,2, Done, dt, 7.483923500000003
406.0,Elevator call,405.1821141,-1,10,1,2, got allocated to elevator, 2
406.0, elevID,2,  pos,5,  cmd, goto,-1
413.0,Elev,2,  arrived at src, -1, Elevator call,405.1821141,-1,10,2,2
413.0, elevID,2,  pos,-1,  cmd, goto,10
421.0,Elev,2,  arrived at dest, 10, this call is done!, Elevator call,405.1821141,-1,10,3,2, Done, dt, 15.817885900000022
427.0,Elevator call,426.8615805,2,0,1,2, got allocated to elevator, 2
427.0, elevID,2,  pos,10,  cmd, goto,2
435.0,Elev,2,  arrived at src, 2, Elevator call,426.8615805,2,0,2,2
435.0, elevID,2,  pos,2,  cmd, goto,0
438.0,Elevator call,437.1711158,1,0,1,2, got allocated to elevator, 2
, elevID,2,  pos,2,  cmd, stop,1
442.0,Elev,2,  arrived at src, 1, Elevator call,437.1711158,1,0,2,2
442.0, elevID,2,  pos,1,  cmd, goto,0
449.0,Elev,2,  arrived at dest, 0, this call is done!, Elevator call,426.8615805,2,0,3,2, Done, dt, 22.138419499999998
449.0,Elev,2,  arrived at dest, 0, this call is done!, Elevator call,437.1711158,1,0,3,2, Done, dt, 11.828884200000005
473.0,Elevator call,472.7445474,10,-1,1,2, got allocated to elevator, 2
473.0, elevID,2,  pos,0,  cmd, goto,10
481.0,Elev,2,  arrived at src, 10, Elevator call,472.7445474,10,-1,2,2
481.0, elevID,2,  pos,10,  cmd, goto,-1
489.0,Elev,2,  arrived at dest, -1, this call is done!, Elevator call,472.7445474,10,-1,3,2, Done, dt, 16.255452600000012
501.0,Elevator call,500.3712045,8,-1,1,2, got allocated to elevator, 2
501.0, elevID,2,  pos,-1,  cmd, goto,8
504.0,Elevator call,503.1384784,1,-1,1,3, got allocated to elevator, 3
504.0, elevID,3,  pos,0,  cmd, goto,1
505.0,Elevator call,504.4317942,0,-1,1,0, got allocated to elevator, 0
505.0, elevID,0,  pos,-1,  cmd, goto,0
509.0,Elev,2,  arrived at src, 8, Elevator call,500.3712045,8,-1,2,2
509.0, elevID,2,  pos,8,  cmd, goto,-1
513.0,Elev,3,  arrived at src, 1, Elevator call,503.1384784,1,-1,2,3
513.0, elevID,3,  pos,1,  cmd, goto,-1
516.0,Elev,0,  arrived at src, 0, Elevator call,504.4317942,0,-1,2,0
516.0, elevID,0,  pos,0,  cmd, goto,-1
517.0,Elev,2,  arrived at dest, -1, this call is done!, Elevator call,500.3712045,8,-1,3,2, Done, dt, 16.628795500000024
522.0,Elev,3,  arrived at dest, -1, this call is done!, Elevator call,503.1384784,1,-1,3,3, Done, dt, 18.861521600000003
527.0,Elev,0,  arrived at dest, -1, this call is done!, Elevator call,504.4317942,0,-1,3,0, Done, dt, 22.568205799999987
530.0,Elevator call,529.6277472,3,-1,1,2, got allocated to elevator, 2
530.0, elevID,2,  pos,-1,  cmd, goto,3
537.0,Elev,2,  arrived at src, 3, Elevator call,529.6277472,3,-1,2,2
537.0, elevID,2,  pos,3,  cmd, goto,-1
538.0,Elevator call,537.7866884,-1,6,1,2, got allocated to elevator, 2
544.0,Elev,2,  arrived at dest, -1, this call is done!, Elevator call,529.6277472,3,-1,3,2, Done, dt, 14.372252799999956
544.0,Elev,2,  arrived at src, -1, Elevator call,537.7866884,-1,6,2,2
544.0, elevID,2,  pos,-1,  cmd, goto,6
545.0,Elevator call,544.7880392,6,-1,1,3, got allocated to elevator, 3
545.0, elevID,3,  pos,-1,  cmd, goto,6
552.0,Elev,2,  arrived at dest, 6, this call is done!, Elevator call,537.7866884,-1,6,3,2, Done, dt, 14.213311599999997
555.0,Elevator call,554.0892923,4,0,1,2, got allocated to elevator, 2
555.0, elevID,2,  pos,6,  cmd, goto,4
555.0,Elev,3,  arrived at src, 6, Elevator call,544.7880392,6,-1,2,3
555.0, elevID,3,  pos,6,  cmd, goto,-1
558.0,Elevator call,557.244139,10,0,1,3, got allocated to elevator, 3
562.0,Elev,2,  arrived at src, 4, Elevator call,554.0892923,4,0,2,2
562.0, elevID,2,  pos,4,  cmd, goto,0
565.0,Elev,3,  arrived at dest, -1, this call is done!, Elevator call,544.7880392,6,-1,3,3, Done, dt, 20.211960800000043
565.0, elevID,3,  pos,-1,  cmd, goto,10
566.0,Elevator call,565.0195522,0,-1,1,2, got allocated to elevator, 2
569.0,Elev,2,  arrived at dest, 0, this call is done!, Elevator call,554.0892923,4,0,3,2, Done, dt, 14.910707699999989
569.0,Elev,2,  arrived at src, 0, Elevator call,565.0195522,0,-1,2,2
569.0, elevID,2,  pos,0,  cmd, goto,-1
576.0,Elev,2,  arrived at dest, -1, this call is done!, Elevator call,565.0195522,0,-1,3,2, Done, dt, 10.980447799999979
576.0,Elev,3,  arrived at src, 10, Elevator call,557.244139,10,0,2,3
576.0, elevID,3,  pos,10,  cmd, goto,0
582.0,Elevator call,581.870309,0,3,1,2, got allocated to elevator, 2
582.0, elevID,2,  pos,-1,  cmd, goto,0
586.0,Elev,3,  arrived at dest, 0, this call is done!, Elevator call,557.244139,10,0,3,3, Done, dt, 28.75586099999998
589.0,Elev,2,  arrived at src, 0, Elevator call,581.870309,0,3,2,2
589.0, elevID,2,  pos,0,  cmd, goto,3
596.0,Elev,2,  arrived at dest, 3, this call is done!, Elevator call,581.870309,0,3,3,2, Done, dt, 14.12969099999998
597.0,Elevator call,596.1232023,8,0,1,2, got allocated to elevator, 2
597.0, elevID,2,  pos,3,  cmd, goto,8
601.0,Elevator call,600.931288,1,0,1,3, got allocated to elevator, 3
601.0, elevID,3,  pos,0,  cmd, goto,1
604.0,Elevator call,603.9342327,7,0,1,2, got allocated to elevator, 2
604.0,Elev,2,  arrived at src, 8, Elevator call,596.1232023,8,0,2,2
604.0, elevID,2,  pos,8,  cmd, goto,7
610.0,Elev,3,  arrived at src, 1, Elevator call,600.931288,1,0,2,3
610.0, elevID,3,  pos,1,  cmd, goto,0
611.0,Elev,2,  arrived at src, 7, Elevator call,603.9342327,7,0,2,2
611.0, elevID,2,  pos,7,  cmd, goto,0
618.0,Elevator call,617.9628339,0,3,1,2, got allocated to elevator, 2
619.0,Elev,2,  arrived at dest, 0, this call is done!, Elevator call,596.1232023,8,0,3,2, Done, dt, 22.876797699999997
619.0,Elev,2,  arrived at dest, 0, this call is done!, Elevator call,603.9342327,7,0,3,2, Done, dt, 15.065767299999948
619.0,Elev,2,  arrived at src, 0, Elevator call,617.9628339,0,3,2,2
619.0, elevID,2,  pos,0,  cmd, goto,3
619.0,Elev,3,  arrived at dest, 0, this call is done!, Elevator call,600.931288,1,0,3,3, Done, dt, 18.068712000000005
620.0,Elevator call,619.6454197,9,0,1,3, got allocated to elevator, 3
620.0, elevID,3,  pos,0,  cmd, goto,9
626.0,Elev,2,  arrived at dest, 3, this call is done!, Elevator call,617.9628339,0,3,3,2, Done, dt, 8.037166100000036
627.0,Elevator call,626.2116172,0,1,1,2, got allocated to elevator, 2
627.0, elevID,2,  pos,3,  cmd, goto,0
630.0,Elev,3,  arrived at src, 9, Elevator call,619.6454197,9,0,2,3
630.0, elevID,3,  pos,9,  cmd, goto,0
634.0,Elev,2,  arrived at src, 0, Elevator call,626.2116172,0,1,2,2
634.0, elevID,2,  pos,0,  cmd, goto,1
640.0,Elev,3,  arrived at dest, 0, this call is done!, Elevator call,619.6454197,9,0,3,3, Done, dt, 20.354580299999952
641.0,Elev,2,  arrived at dest, 1, this call is done!, Elevator call,626.2116172,0,1,3,2, Done, dt, 14.788382800000022
644.0,Elevator call,643.8547515,-1,2,1,2, got allocated to elevator, 2
644.0, elevID,2,  pos,1,  cmd, goto,-1
651.0,Elev,2,  arrived at src, -1, Elevator call,643.8547515,-1,2,2,2
651.0, elevID,2,  pos,-1,  cmd, goto,2
658.0,Elev,2,  arrived at dest, 2, this call is done!, Elevator call,643.8547515,-1,2,3,2, Done, dt, 14.14524849999998
661.0,Elevator call,660.0732908,6,10,1,2, got allocated to elevator, 2
661.0, elevID,2,  pos,2,  cmd, goto,6
662.0,Elevator call,661.042082,-1,3,1,3, got allocated to elevator, 3
662.0, elevID,3,  pos,0,  cmd, goto,-1
663.0,Elevator call,662.1730528,-1,5,1,0, got allocated to elevator, 0
663.0,Elev,0,  arrived at src, -1, Elevator call,662.1730528,-1,5,2,0
663.0, elevID,0,  pos,-1,  cmd, goto,5
666.0,Elevator call,665.1155549,-1,8,1,0, got allocated to elevator, 0
666.0, elevID,0,  pos,-1,  cmd, stop,-1
667.0,Elevator call,666.0340295,4,0,1,1, got allocated to elevator, 1
667.0,Elevator call,666.2411587,5,-1,1,4, got allocated to elevator, 4
667.0, elevID,1,  pos,-1,  cmd, goto,4
667.0, elevID,4,  pos,0,  cmd, goto,5
668.0,Elev,2,  arrived at src, 6, Elevator call,660.0732908,6,10,2,2
668.0, elevID,2,  pos,6,  cmd, goto,10
671.0,Elev,3,  arrived at src, -1, Elevator call,661.042082,-1,3,2,3
671.0, elevID,3,  pos,-1,  cmd, goto,3
673.0,Elevator call,672.6773142,0,-1,1,2, got allocated to elevator, 2
673.0,Elev,0,  arrived at src, -1, Elevator call,665.1155549,-1,8,2,0
673.0, elevID,0,  pos,-1,  cmd, goto,5
675.0,Elev,2,  arrived at dest, 10, this call is done!, Elevator call,660.0732908,6,10,3,2, Done, dt, 14.926709200000005
675.0, elevID,2,  pos,10,  cmd, goto,0
678.0,Elevator call,677.7341948,0,-1,1,3, got allocated to elevator, 3
679.0,Elevator call,678.9953585,-1,-2,1,0, got allocated to elevator, 0
680.0,Elev,1,  arrived at src, 4, Elevator call,666.0340295,4,0,2,1
680.0, elevID,1,  pos,4,  cmd, goto,0
680.0,Elev,3,  arrived at dest, 3, this call is done!, Elevator call,661.042082,-1,3,3,3, Done, dt, 18.95791799999995
680.0, elevID,3,  pos,3,  cmd, goto,0
680.0,Elev,4,  arrived at src, 5, Elevator call,666.2411587,5,-1,2,4
680.0, elevID,4,  pos,5,  cmd, goto,-1
683.0,Elev,2,  arrived at src, 0, Elevator call,672.6773142,0,-1,2,2
683.0, elevID,2,  pos,0,  cmd, goto,-1
689.0,Elev,0,  arrived at dest, 5, this call is done!, Elevator call,662.1730528,-1,5,3,0, Done, dt, 26.82694719999995
689.0, elevID,0,  pos,5,  cmd, goto,8
689.0,Elev,3,  arrived at src, 0, Elevator call,677.7341948,0,-1,2,3
689.0, elevID,3,  pos,0,  cmd, goto,-1
690.0,Elev,2,  arrived at dest, -1, this call is done!, Elevator call,672.6773142,0,-1,3,2, Done, dt, 17.322685800000045
692.0,Elev,1,  arrived at dest, 0, this call is done!, Elevator call,666.0340295,4,0,3,1, Done, dt, 25.965970500000026
693.0,Elev,4,  arrived at dest, -1, this call is done!, Elevator call,666.2411587,5,-1,3,4, Done, dt, 26.758841299999972
696.0,Elevator call,695.2239882,0,10,1,2, got allocated to elevator, 2
696.0, elevID,2,  pos,-1,  cmd, goto,0
698.0,Elev,3,  arrived at dest, -1, this call is done!, Elevator call,677.7341948,0,-1,3,3, Done, dt, 20.265805200000045
702.0,Elev,0,  arrived at dest, 8, this call is done!, Elevator call,665.1155549,-1,8,3,0, Done, dt, 36.88444509999999
702.0, elevID,0,  pos,8,  cmd, goto,-1
703.0,Elev,2,  arrived at src, 0, Elevator call,695.2239882,0,10,2,2
703.0, elevID,2,  pos,0,  cmd, goto,10
707.0,Elevator call,706.1583475,-1,-2,1,2, got allocated to elevator, 2
711.0,Elevator call,710.324977,0,1,1,3, got allocated to elevator, 3
711.0,Elev,2,  arrived at dest, 10, this call is done!, Elevator call,695.2239882,0,10,3,2, Done, dt, 15.776011799999992
711.0, elevID,2,  pos,10,  cmd, goto,-1
711.0, elevID,3,  pos,-1,  cmd, goto,0
714.0,Elevator call,713.0191971,1,0,1,2, got allocated to elevator, 2
714.0,Elevator call,713.2499766,10,-1,1,0, got allocated to elevator, 0
, elevID,2,  pos,10,  cmd, stop,1
719.0,Elev,2,  arrived at src, 1, Elevator call,713.0191971,1,0,2,2
719.0, elevID,2,  pos,1,  cmd, goto,0
720.0,Elev,3,  arrived at src, 0, Elevator call,710.324977,0,1,2,3
720.0, elevID,3,  pos,0,  cmd, goto,1
721.0,Elev,0,  arrived at src, -1, Elevator call,678.9953585,-1,-2,2,0
721.0, elevID,0,  pos,-1,  cmd, goto,-2
723.0,Elevator call,722.6161213,10,0,1,2, got allocated to elevator, 2
726.0,Elev,2,  arrived at dest, 0, this call is done!, Elevator call,713.0191971,1,0,3,2, Done, dt, 12.980802899999958
726.0, elevID,2,  pos,0,  cmd, goto,-1
728.0,Elevator call,727.5146029,-1,0,1,3, got allocated to elevator, 3
729.0,Elev,3,  arrived at dest, 1, this call is done!, Elevator call,710.324977,0,1,3,3, Done, dt, 18.67502300000001
729.0, elevID,3,  pos,1,  cmd, goto,-1
732.0,Elev,0,  arrived at dest, -2, this call is done!, Elevator call,678.9953585,-1,-2,3,0, Done, dt, 53.00464150000005
732.0, elevID,0,  pos,-2,  cmd, goto,10
733.0,Elevator call,732.9746341,6,-1,1,2, got allocated to elevator, 2
733.0,Elev,2,  arrived at src, -1, Elevator call,706.1583475,-1,-2,2,2
733.0, elevID,2,  pos,-1,  cmd, goto,-2
738.0,Elevator call,737.3147202,1,0,1,3, got allocated to elevator, 3
738.0,Elev,3,  arrived at src, -1, Elevator call,727.5146029,-1,0,2,3
738.0, elevID,3,  pos,-1,  cmd, goto,0
740.0,Elev,2,  arrived at dest, -2, this call is done!, Elevator call,706.1583475,-1,-2,3,2, Done, dt, 33.84165250000001
740.0, elevID,2,  pos,-2,  cmd, goto,6
747.0,Elev,3,  arrived at dest, 0, this call is done!, Elevator call,727.5146029,-1,0,3,3, Done, dt, 19.4853971
747.0, elevID,3,  pos,0,  cmd, goto,1
748.0,Elev,2,  arrived at src, 6, Elevator call,732.9746341,6,-1,2,2
748.0, elevID,2,  pos,6,  cmd, goto,10
754.0,Elev,0,  arrived at src, 10, Elevator call,713.2499766,10,-1,2,0
754.0, elevID,0,  pos,10,  cmd, goto,-1
755.0,Elev,2,  arrived at src, 10, Elevator call,722.6161213,10,0,2,2
755.0, elevID,2,  pos,10,  cmd, goto,0
756.0,Elev,3,  arrived at src, 1, Elevator call,737.3147202,1,0,2,3
756.0, elevID,3,  pos,1,  cmd, goto,0
763.0,Elev,2,  arrived at dest, 0, this call is done!, Elevator call,722.6161213,10,0,3,2, Done, dt, 40.38387869999997
763.0, elevID,2,  pos,0,  cmd, goto,-1
765.0,Elev,3,  arrived at dest, 0, this call is done!, Elevator call,737.3147202,1,0,3,3, Done, dt, 27.68527979999999
770.0,Elev,2,  arrived at dest, -1, this call is done!, Elevator call,732.9746341,6,-1,3,2, Done, dt, 37.0253659
775.0,Elev,0,  arrived at dest, -1, this call is done!, Elevator call,713.2499766,10,-1,3,0, Done, dt, 61.75002340000003
780.0,Elevator call,779.3996914,-1,5,1,2, got allocated to elevator, 2
780.0,Elev,2,  arrived at src, -1, Elevator call,779.3996914,-1,5,2,2
780.0, elevID,2,  pos,-1,  cmd, goto,5
787.0,Elev,2,  arrived at dest, 5, this call is done!, Elevator call,779.3996914,-1,5,3,2, Done, dt, 7.6003085999999485
806.0,Elevator call,805.6754743,-1,-2,1,2, got allocated to elevator, 2
806.0, elevID,2,  pos,5,  cmd, goto,-1
811.0,Elevator call,810.4469089,2,0,1,3, got allocated to elevator, 3
811.0, elevID,3,  pos,0,  cmd, goto,2
813.0,Elev,2,  arrived at src, -1, Elevator call,805.6754743,-1,-2,2,2
813.0, elevID,2,  pos,-1,  cmd, goto,-2
817.0,Elevator call,816.1516998,7,-1,1,2, got allocated to elevator, 2
820.0,Elev,2,  arrived at dest, -2, this call is done!, Elevator call,805.6754743,-1,-2,3,2, Done, dt, 14.324525699999981
820.0, elevID,2,  pos,-2,  cmd, goto,7
820.0,Elev,3,  arrived at src, 2, Elevator call,810.4469089,2,0,2,3
820.0, elevID,3,  pos,2,  cmd, goto,0
826.0,Elevator call,825.4575185,7,0,1,2, got allocated to elevator, 2
828.0,Elev,2,  arrived at src, 7, Elevator call,816.1516998,7,-1,2,2
828.0,Elev,2,  arrived at src, 7, Elevator call,825.4575185,7,0,2,2
828.0, elevID,2,  pos,7,  cmd, goto,0
829.0,Elev,3,  arrived at dest, 0, this call is done!, Elevator call,810.4469089,2,0,3,3, Done, dt, 18.55309109999996
836.0,Elev,2,  arrived at dest, 0, this call is done!, Elevator call,825.4575185,7,0,3,2, Done, dt, 10.542481500000008
836.0, elevID,2,  pos,0,  cmd, goto,-1
840.0,Elevator call,839.8525653,0,1,1,2, got allocated to elevator, 2
843.0,Elev,2,  arrived at dest, -1, this call is done!, Elevator call,816.1516998,7,-1,3,2, Done, dt, 26.84830020000004
843.0, elevID,2,  pos,-1,  cmd, goto,0
850.0,Elev,2,  arrived at src, 0, Elevator call,839.8525653,0,1,2,2
850.0, elevID,2,  pos,0,  cmd, goto,1
855.0,Elevator call,854.2002278,6,-1,1,2, got allocated to elevator, 2
857.0,Elev,2,  arrived at dest, 1, this call is done!, Elevator call,839.8525653,0,1,3,2, Done, dt, 17.147434699999963
857.0, elevID,2,  pos,1,  cmd, goto,6
864.0,Elevator call,863.8932913,0,-1,1,2, got allocated to elevator, 2
864.0,Elev,2,  arrived at src, 6, Elevator call,854.2002278,6,-1,2,2
864.0, elevID,2,  pos,6,  cmd, goto,0
871.0,Elevator call,870.5053024,0,7,1,2, got allocated to elevator, 2
871.0,Elev,2,  arrived at src, 0, Elevator call,863.8932913,0,-1,2,2
871.0,Elev,2,  arrived at src, 0, Elevator call,870.5053024,0,7,2,2
871.0, elevID,2,  pos,0,  cmd, goto,-1
878.0,Elev,2,  arrived at dest, -1, this call is done!, Elevator call,854.2002278,6,-1,3,2, Done, dt, 23.799772200000007
878.0,Elev,2,  arrived at dest, -1, this call is done!, Elevator call,863.8932913,0,-1,3,2, Done, dt, 14.106708700000013
878.0, elevID,2,  pos,-1,  cmd, goto,7
886.0,Elev,2,  arrived at dest, 7, this call is done!, Elevator call,870.5053024,0,7,3,2, Done, dt, 15.494697599999995
887.0,Elevator call,886.5649993,-1,-2,1,2, got allocated to elevator, 2
887.0, elevID,2,  pos,7,  cmd, goto,-1
893.0,Elevator call,892.5212151,9,-1,1,3, got allocated to elevator, 3
893.0, elevID,3,  pos,0,  cmd, goto,9
895.0,Elev,2,  arrived at src, -1, Elevator call,886.5649993,-1,-2,2,2
895.0, elevID,2,  pos,-1,  cmd, goto,-2
902.0,Elev,2,  arrived at dest, -2, this call is done!, Elevator call,886.5649993,-1,-2,3,2, Done, dt, 15.435000700000046
903.0,Elev,3,  arrived at src, 9, Elevator call,892.5212151,9,-1,2,3
903.0, elevID,3,  pos,9,  cmd, goto,-1
911.0,Elevator call,910.5388559,6,5,1,2, got allocated to elevator, 2
911.0, elevID,2,  pos,-2,  cmd, goto,6
913.0,Elev,3,  arrived at dest, -1, this call is done!, Elevator call,892.5212151,9,-1,3,3, Done, dt, 20.47878490000005
916.0,Elevator call,915.9490575,4,-1,1,3, got allocated to elevator, 3
916.0, elevID,3,  pos,-1,  cmd, goto,4
919.0,Elev,2,  arrived at src, 6, Elevator call,910.5388559,6,5,2,2
919.0, elevID,2,  pos,6,  cmd, goto,5
926.0,Elev,2,  arrived at dest, 5, this call is done!, Elevator call,910.5388559,6,5,3,2, Done, dt, 15.461144099999956
926.0,Elev,3,  arrived at src, 4, Elevator call,915.9490575,4,-1,2,3
926.0, elevID,3,  pos,4,  cmd, goto,-1
934.0,Elevator call,933.8580452,7,5,1,2, got allocated to elevator, 2
934.0, elevID,2,  pos,5,  cmd, goto,7
936.0,Elev,3,  arrived at dest, -1, this call is done!, Elevator call,915.9490575,4,-1,3,3, Done, dt, 20.05094250000002
941.0,Elev,2,  arrived at src, 7, Elevator call,933.8580452,7,5,2,2
941.0, elevID,2,  pos,7,  cmd, goto,5
948.0,Elev,2,  arrived at dest, 5, this call is done!, Elevator call,933.8580452,7,5,3,2, Done, dt, 14.141954800000008
962.0,Elevator call,961.6862856,6,-1,1,2, got allocated to elevator, 2
962.0, elevID,2,  pos,5,  cmd, goto,6
969.0,Elev,2,  arrived at src, 6, Elevator call,961.6862856,6,-1,2,2
969.0, elevID,2,  pos,6,  cmd, goto,-1
973.0,Elevator call,972.8032126,1,0,1,2, got allocated to elevator, 2
976.0,Elevator call,975.8361203,0,-1,1,3, got allocated to elevator, 3
976.0, elevID,3,  pos,-1,  cmd, goto,0
977.0,Elev,2,  arrived at dest, -1, this call is done!, Elevator call,961.6862856,6,-1,3,2, Done, dt, 15.31371439999998
977.0, elevID,2,  pos,-1,  cmd, goto,1
979.0,Elevator call,978.5925149,10,0,1,0, got allocated to elevator, 0
979.0,Elevator call,978.6210501,10,-1,1,1, got allocated to elevator, 1
979.0, elevID,0,  pos,-1,  cmd, goto,10
979.0, elevID,1,  pos,0,  cmd, goto,10
984.0,Elev,2,  arrived at src, 1, Elevator call,972.8032126,1,0,2,2
984.0, elevID,2,  pos,1,  cmd, goto,0
985.0,Elevator call,984.1840186,7,0,1,2, got allocated to elevator, 2
985.0,Elev,3,  arrived at src, 0, Elevator call,975.8361203,0,-1,2,3
985.0, elevID,3,  pos,0,  cmd, goto,-1
991.0,Elev,2,  arrived at dest, 0, this call is done!, Elevator call,972.8032126,1,0,3,2, Done, dt, 18.19678739999995
991.0, elevID,2,  pos,0,  cmd, goto,7
994.0,Elev,1,  arrived at src, 10, Elevator call,978.6210501,10,-1,2,1
994.0, elevID,1,  pos,10,  cmd, goto,-1
994.0,Elev,3,  arrived at dest, -1, this call is done!, Elevator call,975.8361203,0,-1,3,3, Done, dt, 18.163879700000052
999.0,Elev,2,  arrived at src, 7, Elevator call,984.1840186,7,0,2,2
999.0, elevID,2,  pos,7,  cmd, goto,0
1000.0,Elev,0,  arrived at src, 10, Elevator call,978.5925149,10,0,2,0
1000.0, elevID,0,  pos,10,  cmd, goto,0
1007.0,Elev,2,  arrived at dest, 0, this call is done!, Elevator call,984.1840186,7,0,3,2, Done, dt, 22.815981400000055
1010.0,Elev,1,  arrived at dest, -1, this call is done!, Elevator call,978.6210501,10,-1,3,1, Done, dt, 31.378949899999952
1020.0,Elev,0,  arrived at dest, 0, this call is done!, Elevator call,978.5925149,10,0,3,0, Done, dt, 41.40748510000003
1021.0,************* Simulation Ended ************
Code Owners,212831879,  Building_file,/Users/ofirrubin/PycharmProjects/OOP-Ex1/Ex1_input/Ex1_Buildings/B4.json,  Calls,/Users/ofirrubin/PycharmProjects/OOP-Ex1/Ex1_output/b4_cA.csv
Total waiting time: 1940.0,  average waiting time per call: 19.4,  unCompleted calls,0,  certificate, -74151422
