Ex1 (OOP) Simulator log: stage /Users/ofirrubin/PycharmProjects/OOP-Ex1/Ex1_input/Ex1_Buildings/B5.json,  /Users/ofirrubin/PycharmProjects/OOP-Ex1/Ex1_output/b5_cA.csv
0.0,OOP_Ex1_Elevator_Simulator
0.0,Simulated Building, Building [-10,100]
0) ex1.Elevator_A, Elev_, id,0,  speed, 9.0, open: 1.1111111111111112,  start: 1.6666666666666667, close: 1.1111111111111112,  stop: 1.6666666666666667
1) ex1.Elevator_A, Elev_, id,1,  speed, 7.0, open: 1.4285714285714286,  start: 2.142857142857143, close: 1.4285714285714286,  stop: 2.142857142857143
2) ex1.Elevator_A, Elev_, id,2,  speed, 5.0, open: 2.0,  start: 3.0, close: 2.0,  stop: 3.0
3) ex1.Elevator_A, Elev_, id,3,  speed, 5.0, open: 2.0,  start: 3.0, close: 2.0,  stop: 3.0
4) ex1.Elevator_A, Elev_, id,4,  speed, 3.0, open: 2.0,  start: 3.0, close: 2.0,  stop: 3.0
5) ex1.Elevator_A, Elev_, id,5,  speed, 3.0, open: 2.0,  start: 3.0, close: 2.0,  stop: 3.0
6) ex1.Elevator_A, Elev_, id,6,  speed, 1.5, open: 2.0,  start: 3.0, close: 2.0,  stop: 3.0
7) ex1.Elevator_A, Elev_, id,7,  speed, 9.0, open: 1.1111111111111112,  start: 1.6666666666666667, close: 1.1111111111111112,  stop: 1.6666666666666667
8) ex1.Elevator_A, Elev_, id,8,  speed, 9.0, open: 1.1111111111111112,  start: 1.6666666666666667, close: 1.1111111111111112,  stop: 1.6666666666666667
9) ex1.Elevator_A, Elev_, id,9,  speed, 2.0, open: 2.0,  start: 3.0, close: 2.0,  stop: 3.0

0.0,Simulated Period starTime,0.0,  endTime,1104.1840186,  dt,1.0
0.0,Simulated  calls,Elevator log, size: 100
0.0,**** Simulation starts!! ****
5.0,Elevator call,4.37472729,0,-1,1,0, got allocated to elevator, 0
5.0,Elev,0,  arrived at src, 0, Elevator call,4.37472729,0,-1,2,0
5.0, elevID,0,  pos,0,  cmd, goto,-1
11.0,Elev,0,  arrived at dest, -1, this call is done!, Elevator call,4.37472729,0,-1,3,0, Done, dt, 6.62527271
17.0,Elevator call,16.95788289,-1,0,1,0, got allocated to elevator, 0
17.0,Elev,0,  arrived at src, -1, Elevator call,16.95788289,-1,0,2,0
17.0, elevID,0,  pos,-1,  cmd, goto,0
23.0,Elevator call,22.0940563,0,-1,1,1, got allocated to elevator, 1
23.0,Elev,0,  arrived at dest, 0, this call is done!, Elevator call,16.95788289,-1,0,3,0, Done, dt, 6.0421171099999995
23.0,Elev,1,  arrived at src, 0, Elevator call,22.0940563,0,-1,2,1
23.0, elevID,1,  pos,0,  cmd, goto,-1
31.0,Elev,1,  arrived at dest, -1, this call is done!, Elevator call,22.0940563,0,-1,3,1, Done, dt, 8.905943700000002
86.0,Elevator call,85.52096662,3,2,1,0, got allocated to elevator, 0
86.0, elevID,0,  pos,0,  cmd, goto,3
92.0,Elevator call,91.21019413,-1,-2,1,0, got allocated to elevator, 0
92.0,Elev,0,  arrived at src, 3, Elevator call,85.52096662,3,2,2,0
92.0, elevID,0,  pos,3,  cmd, goto,2
98.0,Elev,0,  arrived at dest, 2, this call is done!, Elevator call,85.52096662,3,2,3,0, Done, dt, 12.479033380000004
98.0, elevID,0,  pos,2,  cmd, goto,-1
104.0,Elev,0,  arrived at src, -1, Elevator call,91.21019413,-1,-2,2,0
104.0, elevID,0,  pos,-1,  cmd, goto,-2
105.0,Elevator call,104.1370124,0,4,1,0, got allocated to elevator, 0
110.0,Elevator call,109.2135291,-1,0,1,1, got allocated to elevator, 1
110.0,Elev,0,  arrived at dest, -2, this call is done!, Elevator call,91.21019413,-1,-2,3,0, Done, dt, 18.789805869999995
110.0, elevID,0,  pos,-2,  cmd, goto,0
110.0,Elev,1,  arrived at src, -1, Elevator call,109.2135291,-1,0,2,1
110.0, elevID,1,  pos,-1,  cmd, goto,0
115.0,Elevator call,114.392351,3,0,1,0, got allocated to elevator, 0
116.0,Elev,0,  arrived at src, 0, Elevator call,104.1370124,0,4,2,0
116.0, elevID,0,  pos,0,  cmd, goto,3
118.0,Elev,1,  arrived at dest, 0, this call is done!, Elevator call,109.2135291,-1,0,3,1, Done, dt, 8.786470899999998
122.0,Elev,0,  arrived at src, 3, Elevator call,114.392351,3,0,2,0
122.0, elevID,0,  pos,3,  cmd, goto,4
125.0,Elevator call,124.425571,0,9,1,0, got allocated to elevator, 0
128.0,Elev,0,  arrived at dest, 4, this call is done!, Elevator call,104.1370124,0,4,3,0, Done, dt, 23.862987599999997
128.0, elevID,0,  pos,4,  cmd, goto,0
131.0,Elevator call,130.0249568,8,10,1,1, got allocated to elevator, 1
131.0,Elevator call,130.2249113,-1,1,1,2, got allocated to elevator, 2
131.0, elevID,1,  pos,0,  cmd, goto,8
131.0, elevID,2,  pos,0,  cmd, goto,-1
134.0,Elev,0,  arrived at dest, 0, this call is done!, Elevator call,114.392351,3,0,3,0, Done, dt, 19.607648999999995
134.0,Elev,0,  arrived at src, 0, Elevator call,124.425571,0,9,2,0
134.0, elevID,0,  pos,0,  cmd, goto,9
138.0,Elevator call,137.9515274,0,4,1,0, got allocated to elevator, 0
140.0,Elev,1,  arrived at src, 8, Elevator call,130.0249568,8,10,2,1
140.0, elevID,1,  pos,8,  cmd, goto,10
141.0,Elev,0,  arrived at dest, 9, this call is done!, Elevator call,124.425571,0,9,3,0, Done, dt, 16.574428999999995
141.0, elevID,0,  pos,9,  cmd, goto,0
142.0,Elev,2,  arrived at src, -1, Elevator call,130.2249113,-1,1,2,2
142.0, elevID,2,  pos,-1,  cmd, goto,1
144.0,Elevator call,143.9133584,0,6,1,1, got allocated to elevator, 1
148.0,Elev,0,  arrived at src, 0, Elevator call,137.9515274,0,4,2,0
148.0, elevID,0,  pos,0,  cmd, goto,4
148.0,Elev,1,  arrived at dest, 10, this call is done!, Elevator call,130.0249568,8,10,3,1, Done, dt, 17.975043199999988
148.0, elevID,1,  pos,10,  cmd, goto,0
153.0,Elev,2,  arrived at dest, 1, this call is done!, Elevator call,130.2249113,-1,1,3,2, Done, dt, 22.775088699999998
154.0,Elev,0,  arrived at dest, 4, this call is done!, Elevator call,137.9515274,0,4,3,0, Done, dt, 16.048472599999997
157.0,Elev,1,  arrived at src, 0, Elevator call,143.9133584,0,6,2,1
157.0, elevID,1,  pos,0,  cmd, goto,6
165.0,Elev,1,  arrived at dest, 6, this call is done!, Elevator call,143.9133584,0,6,3,1, Done, dt, 21.086641600000007
170.0,Elevator call,169.7845834,-1,0,1,0, got allocated to elevator, 0
170.0, elevID,0,  pos,4,  cmd, goto,-1
171.0,Elevator call,170.0099621,0,6,1,1, got allocated to elevator, 1
171.0, elevID,1,  pos,6,  cmd, goto,0
172.0,Elevator call,171.2117332,-1,8,1,2, got allocated to elevator, 2
172.0, elevID,2,  pos,1,  cmd, goto,-1
175.0,Elevator call,174.8438515,0,-1,1,3, got allocated to elevator, 3
175.0,Elev,3,  arrived at src, 0, Elevator call,174.8438515,0,-1,2,3
175.0, elevID,3,  pos,0,  cmd, goto,-1
177.0,Elev,0,  arrived at src, -1, Elevator call,169.7845834,-1,0,2,0
177.0, elevID,0,  pos,-1,  cmd, goto,0
179.0,Elev,1,  arrived at src, 0, Elevator call,170.0099621,0,6,2,1
179.0, elevID,1,  pos,0,  cmd, goto,6
183.0,Elev,0,  arrived at dest, 0, this call is done!, Elevator call,169.7845834,-1,0,3,0, Done, dt, 13.215416599999998
183.0,Elev,2,  arrived at src, -1, Elevator call,171.2117332,-1,8,2,2
183.0, elevID,2,  pos,-1,  cmd, goto,8
186.0,Elev,3,  arrived at dest, -1, this call is done!, Elevator call,174.8438515,0,-1,3,3, Done, dt, 11.1561485
187.0,Elev,1,  arrived at dest, 6, this call is done!, Elevator call,170.0099621,0,6,3,1, Done, dt, 16.990037900000004
188.0,Elevator call,187.1167862,-1,-2,1,0, got allocated to elevator, 0
188.0,Elevator call,187.7299318,-1,-2,1,1, got allocated to elevator, 1
188.0, elevID,0,  pos,0,  cmd, goto,-1
188.0, elevID,1,  pos,6,  cmd, goto,-1
194.0,Elev,0,  arrived at src, -1, Elevator call,187.1167862,-1,-2,2,0
194.0, elevID,0,  pos,-1,  cmd, goto,-2
195.0,Elev,2,  arrived at dest, 8, this call is done!, Elevator call,171.2117332,-1,8,3,2, Done, dt, 23.788266800000002
196.0,Elevator call,195.9086965,0,7,1,0, got allocated to elevator, 0
197.0,Elev,1,  arrived at src, -1, Elevator call,187.7299318,-1,-2,2,1
197.0, elevID,1,  pos,-1,  cmd, goto,-2
198.0,Elevator call,197.5359191,-1,1,1,1, got allocated to elevator, 1
, elevID,1,  pos,-1,  cmd, stop,-1
200.0,Elev,0,  arrived at dest, -2, this call is done!, Elevator call,187.1167862,-1,-2,3,0, Done, dt, 12.883213799999993
200.0, elevID,0,  pos,-2,  cmd, goto,0
205.0,Elev,1,  arrived at src, -1, Elevator call,197.5359191,-1,1,2,1
205.0, elevID,1,  pos,-1,  cmd, goto,-2
206.0,Elevator call,205.9895199,-1,0,1,0, got allocated to elevator, 0
206.0,Elev,0,  arrived at src, 0, Elevator call,195.9086965,0,7,2,0
206.0, elevID,0,  pos,0,  cmd, goto,7
213.0,Elev,0,  arrived at dest, 7, this call is done!, Elevator call,195.9086965,0,7,3,0, Done, dt, 17.09130350000001
213.0, elevID,0,  pos,7,  cmd, goto,-1
213.0,Elev,1,  arrived at dest, -2, this call is done!, Elevator call,187.7299318,-1,-2,3,1, Done, dt, 25.270068199999997
213.0, elevID,1,  pos,-2,  cmd, goto,1
220.0,Elev,0,  arrived at src, -1, Elevator call,205.9895199,-1,0,2,0
220.0, elevID,0,  pos,-1,  cmd, goto,0
221.0,Elev,1,  arrived at dest, 1, this call is done!, Elevator call,197.5359191,-1,1,3,1, Done, dt, 23.4640809
226.0,Elev,0,  arrived at dest, 0, this call is done!, Elevator call,205.9895199,-1,0,3,0, Done, dt, 20.010480099999995
228.0,Elevator call,227.0798305,-1,5,1,0, got allocated to elevator, 0
228.0, elevID,0,  pos,0,  cmd, goto,-1
232.0,Elevator call,231.5157882,-1,0,1,1, got allocated to elevator, 1
232.0, elevID,1,  pos,1,  cmd, goto,-1
233.0,Elevator call,232.9504362,0,-1,1,2, got allocated to elevator, 2
233.0, elevID,2,  pos,8,  cmd, goto,0
234.0,Elev,0,  arrived at src, -1, Elevator call,227.0798305,-1,5,2,0
234.0, elevID,0,  pos,-1,  cmd, goto,5
240.0,Elev,1,  arrived at src, -1, Elevator call,231.5157882,-1,0,2,1
240.0, elevID,1,  pos,-1,  cmd, goto,0
241.0,Elev,0,  arrived at dest, 5, this call is done!, Elevator call,227.0798305,-1,5,3,0, Done, dt, 13.920169499999986
245.0,Elev,2,  arrived at src, 0, Elevator call,232.9504362,0,-1,2,2
245.0, elevID,2,  pos,0,  cmd, goto,-1
248.0,Elev,1,  arrived at dest, 0, this call is done!, Elevator call,231.5157882,-1,0,3,1, Done, dt, 16.484211799999997
252.0,Elevator call,251.1044469,-1,-2,1,0, got allocated to elevator, 0
252.0,Elevator call,251.2359335,0,9,1,1, got allocated to elevator, 1
252.0, elevID,0,  pos,5,  cmd, goto,-1
252.0,Elev,1,  arrived at src, 0, Elevator call,251.2359335,0,9,2,1
252.0, elevID,1,  pos,0,  cmd, goto,9
255.0,Elevator call,254.6977153,3,4,1,2, got allocated to elevator, 2
256.0,Elev,2,  arrived at dest, -1, this call is done!, Elevator call,232.9504362,0,-1,3,2, Done, dt, 23.049563799999987
256.0, elevID,2,  pos,-1,  cmd, goto,3
258.0,Elevator call,257.7974435,-1,0,1,0, got allocated to elevator, 0
259.0,Elev,0,  arrived at src, -1, Elevator call,251.1044469,-1,-2,2,0
259.0,Elev,0,  arrived at src, -1, Elevator call,257.7974435,-1,0,2,0
259.0, elevID,0,  pos,-1,  cmd, goto,-2
261.0,Elev,1,  arrived at dest, 9, this call is done!, Elevator call,251.2359335,0,9,3,1, Done, dt, 9.764066500000013
265.0,Elev,0,  arrived at dest, -2, this call is done!, Elevator call,251.1044469,-1,-2,3,0, Done, dt, 13.8955531
265.0, elevID,0,  pos,-2,  cmd, goto,0
267.0,Elev,2,  arrived at src, 3, Elevator call,254.6977153,3,4,2,2
267.0, elevID,2,  pos,3,  cmd, goto,4
271.0,Elev,0,  arrived at dest, 0, this call is done!, Elevator call,257.7974435,-1,0,3,0, Done, dt, 13.202556500000014
278.0,Elev,2,  arrived at dest, 4, this call is done!, Elevator call,254.6977153,3,4,3,2, Done, dt, 23.3022847
296.0,Elevator call,295.7943357,0,1,1,0, got allocated to elevator, 0
296.0,Elev,0,  arrived at src, 0, Elevator call,295.7943357,0,1,2,0
296.0, elevID,0,  pos,0,  cmd, goto,1
302.0,Elev,0,  arrived at dest, 1, this call is done!, Elevator call,295.7943357,0,1,3,0, Done, dt, 6.205664300000024
305.0,Elevator call,304.9984388,6,0,1,0, got allocated to elevator, 0
305.0, elevID,0,  pos,1,  cmd, goto,6
310.0,Elevator call,309.3005383,0,-1,1,1, got allocated to elevator, 1
310.0, elevID,1,  pos,9,  cmd, goto,0
312.0,Elev,0,  arrived at src, 6, Elevator call,304.9984388,6,0,2,0
312.0, elevID,0,  pos,6,  cmd, goto,0
313.0,Elevator call,312.3018556,0,-1,1,0, got allocated to elevator, 0
317.0,Elevator call,316.0323783,0,-1,1,2, got allocated to elevator, 2
317.0, elevID,2,  pos,4,  cmd, goto,0
319.0,Elev,0,  arrived at dest, 0, this call is done!, Elevator call,304.9984388,6,0,3,0, Done, dt, 14.001561200000026
319.0,Elev,0,  arrived at src, 0, Elevator call,312.3018556,0,-1,2,0
319.0, elevID,0,  pos,0,  cmd, goto,-1
319.0,Elev,1,  arrived at src, 0, Elevator call,309.3005383,0,-1,2,1
319.0, elevID,1,  pos,0,  cmd, goto,-1
320.0,Elevator call,319.905202,6,5,1,0, got allocated to elevator, 0
321.0,Elevator call,320.9760749,-1,0,1,1, got allocated to elevator, 1
322.0,Elevator call,321.370409,7,-1,1,3, got allocated to elevator, 3
322.0, elevID,3,  pos,-1,  cmd, goto,7
325.0,Elev,0,  arrived at dest, -1, this call is done!, Elevator call,312.3018556,0,-1,3,0, Done, dt, 12.69814439999999
325.0, elevID,0,  pos,-1,  cmd, goto,6
327.0,Elev,1,  arrived at dest, -1, this call is done!, Elevator call,309.3005383,0,-1,3,1, Done, dt, 17.699461699999972
327.0,Elev,1,  arrived at src, -1, Elevator call,320.9760749,-1,0,2,1
327.0, elevID,1,  pos,-1,  cmd, goto,0
328.0,Elev,2,  arrived at src, 0, Elevator call,316.0323783,0,-1,2,2
328.0, elevID,2,  pos,0,  cmd, goto,-1
332.0,Elev,0,  arrived at src, 6, Elevator call,319.905202,6,5,2,0
332.0, elevID,0,  pos,6,  cmd, goto,5
333.0,Elevator call,332.4267319,0,10,1,0, got allocated to elevator, 0
334.0,Elev,3,  arrived at src, 7, Elevator call,321.370409,7,-1,2,3
334.0, elevID,3,  pos,7,  cmd, goto,-1
335.0,Elev,1,  arrived at dest, 0, this call is done!, Elevator call,320.9760749,-1,0,3,1, Done, dt, 14.023925099999985
337.0,Elevator call,336.9304305,-1,0,1,1, got allocated to elevator, 1
337.0, elevID,1,  pos,0,  cmd, goto,-1
338.0,Elev,0,  arrived at dest, 5, this call is done!, Elevator call,319.905202,6,5,3,0, Done, dt, 18.094798000000026
338.0, elevID,0,  pos,5,  cmd, goto,0
339.0,Elev,2,  arrived at dest, -1, this call is done!, Elevator call,316.0323783,0,-1,3,2, Done, dt, 22.967621699999995
345.0,Elev,0,  arrived at src, 0, Elevator call,332.4267319,0,10,2,0
345.0, elevID,0,  pos,0,  cmd, goto,10
345.0,Elev,1,  arrived at src, -1, Elevator call,336.9304305,-1,0,2,1
345.0, elevID,1,  pos,-1,  cmd, goto,0
346.0,Elev,3,  arrived at dest, -1, this call is done!, Elevator call,321.370409,7,-1,3,3, Done, dt, 24.629591000000005
352.0,Elev,0,  arrived at dest, 10, this call is done!, Elevator call,332.4267319,0,10,3,0, Done, dt, 19.573268100000007
353.0,Elev,1,  arrived at dest, 0, this call is done!, Elevator call,336.9304305,-1,0,3,1, Done, dt, 16.0695695
376.0,Elevator call,375.490481,1,0,1,0, got allocated to elevator, 0
376.0, elevID,0,  pos,10,  cmd, goto,1
383.0,Elev,0,  arrived at src, 1, Elevator call,375.490481,1,0,2,0
383.0, elevID,0,  pos,1,  cmd, goto,0
389.0,Elev,0,  arrived at dest, 0, this call is done!, Elevator call,375.490481,1,0,3,0, Done, dt, 13.509519000000012
393.0,Elevator call,392.5160765,0,5,1,0, got allocated to elevator, 0
393.0,Elev,0,  arrived at src, 0, Elevator call,392.5160765,0,5,2,0
393.0, elevID,0,  pos,0,  cmd, goto,5
400.0,Elev,0,  arrived at dest, 5, this call is done!, Elevator call,392.5160765,0,5,3,0, Done, dt, 7.483923500000003
406.0,Elevator call,405.1821141,-1,10,1,0, got allocated to elevator, 0
406.0, elevID,0,  pos,5,  cmd, goto,-1
413.0,Elev,0,  arrived at src, -1, Elevator call,405.1821141,-1,10,2,0
413.0, elevID,0,  pos,-1,  cmd, goto,10
420.0,Elev,0,  arrived at dest, 10, this call is done!, Elevator call,405.1821141,-1,10,3,0, Done, dt, 14.817885900000022
427.0,Elevator call,426.8615805,2,0,1,0, got allocated to elevator, 0
427.0, elevID,0,  pos,10,  cmd, goto,2
434.0,Elev,0,  arrived at src, 2, Elevator call,426.8615805,2,0,2,0
434.0, elevID,0,  pos,2,  cmd, goto,0
438.0,Elevator call,437.1711158,1,0,1,0, got allocated to elevator, 0
440.0,Elev,0,  arrived at dest, 0, this call is done!, Elevator call,426.8615805,2,0,3,0, Done, dt, 13.138419499999998
440.0, elevID,0,  pos,0,  cmd, goto,1
446.0,Elev,0,  arrived at src, 1, Elevator call,437.1711158,1,0,2,0
446.0, elevID,0,  pos,1,  cmd, goto,0
452.0,Elev,0,  arrived at dest, 0, this call is done!, Elevator call,437.1711158,1,0,3,0, Done, dt, 14.828884200000005
473.0,Elevator call,472.7445474,10,-1,1,0, got allocated to elevator, 0
473.0, elevID,0,  pos,0,  cmd, goto,10
480.0,Elev,0,  arrived at src, 10, Elevator call,472.7445474,10,-1,2,0
480.0, elevID,0,  pos,10,  cmd, goto,-1
487.0,Elev,0,  arrived at dest, -1, this call is done!, Elevator call,472.7445474,10,-1,3,0, Done, dt, 14.255452600000012
501.0,Elevator call,500.3712045,8,-1,1,0, got allocated to elevator, 0
501.0, elevID,0,  pos,-1,  cmd, goto,8
504.0,Elevator call,503.1384784,1,-1,1,1, got allocated to elevator, 1
504.0, elevID,1,  pos,0,  cmd, goto,1
505.0,Elevator call,504.4317942,0,-1,1,2, got allocated to elevator, 2
505.0, elevID,2,  pos,-1,  cmd, goto,0
508.0,Elev,0,  arrived at src, 8, Elevator call,500.3712045,8,-1,2,0
508.0, elevID,0,  pos,8,  cmd, goto,-1
512.0,Elev,1,  arrived at src, 1, Elevator call,503.1384784,1,-1,2,1
512.0, elevID,1,  pos,1,  cmd, goto,-1
515.0,Elev,0,  arrived at dest, -1, this call is done!, Elevator call,500.3712045,8,-1,3,0, Done, dt, 14.628795500000024
516.0,Elev,2,  arrived at src, 0, Elevator call,504.4317942,0,-1,2,2
516.0, elevID,2,  pos,0,  cmd, goto,-1
520.0,Elev,1,  arrived at dest, -1, this call is done!, Elevator call,503.1384784,1,-1,3,1, Done, dt, 16.861521600000003
527.0,Elev,2,  arrived at dest, -1, this call is done!, Elevator call,504.4317942,0,-1,3,2, Done, dt, 22.568205799999987
530.0,Elevator call,529.6277472,3,-1,1,0, got allocated to elevator, 0
530.0, elevID,0,  pos,-1,  cmd, goto,3
536.0,Elev,0,  arrived at src, 3, Elevator call,529.6277472,3,-1,2,0
536.0, elevID,0,  pos,3,  cmd, goto,-1
538.0,Elevator call,537.7866884,-1,6,1,0, got allocated to elevator, 0
542.0,Elev,0,  arrived at dest, -1, this call is done!, Elevator call,529.6277472,3,-1,3,0, Done, dt, 12.372252799999956
542.0,Elev,0,  arrived at src, -1, Elevator call,537.7866884,-1,6,2,0
542.0, elevID,0,  pos,-1,  cmd, goto,6
545.0,Elevator call,544.7880392,6,-1,1,0, got allocated to elevator, 0
549.0,Elev,0,  arrived at dest, 6, this call is done!, Elevator call,537.7866884,-1,6,3,0, Done, dt, 11.213311599999997
549.0,Elev,0,  arrived at src, 6, Elevator call,544.7880392,6,-1,2,0
549.0, elevID,0,  pos,6,  cmd, goto,-1
555.0,Elevator call,554.0892923,4,0,1,0, got allocated to elevator, 0
556.0,Elev,0,  arrived at dest, -1, this call is done!, Elevator call,544.7880392,6,-1,3,0, Done, dt, 11.211960800000043
556.0, elevID,0,  pos,-1,  cmd, goto,4
558.0,Elevator call,557.244139,10,0,1,1, got allocated to elevator, 1
558.0, elevID,1,  pos,-1,  cmd, goto,10
563.0,Elev,0,  arrived at src, 4, Elevator call,554.0892923,4,0,2,0
563.0, elevID,0,  pos,4,  cmd, goto,0
566.0,Elevator call,565.0195522,0,-1,1,0, got allocated to elevator, 0
567.0,Elev,1,  arrived at src, 10, Elevator call,557.244139,10,0,2,1
567.0, elevID,1,  pos,10,  cmd, goto,0
569.0,Elev,0,  arrived at dest, 0, this call is done!, Elevator call,554.0892923,4,0,3,0, Done, dt, 14.910707699999989
569.0,Elev,0,  arrived at src, 0, Elevator call,565.0195522,0,-1,2,0
569.0, elevID,0,  pos,0,  cmd, goto,-1
575.0,Elev,0,  arrived at dest, -1, this call is done!, Elevator call,565.0195522,0,-1,3,0, Done, dt, 9.980447799999979
576.0,Elev,1,  arrived at dest, 0, this call is done!, Elevator call,557.244139,10,0,3,1, Done, dt, 18.75586099999998
582.0,Elevator call,581.870309,0,3,1,0, got allocated to elevator, 0
582.0, elevID,0,  pos,-1,  cmd, goto,0
588.0,Elev,0,  arrived at src, 0, Elevator call,581.870309,0,3,2,0
588.0, elevID,0,  pos,0,  cmd, goto,3
594.0,Elev,0,  arrived at dest, 3, this call is done!, Elevator call,581.870309,0,3,3,0, Done, dt, 12.12969099999998
597.0,Elevator call,596.1232023,8,0,1,0, got allocated to elevator, 0
597.0, elevID,0,  pos,3,  cmd, goto,8
601.0,Elevator call,600.931288,1,0,1,1, got allocated to elevator, 1
601.0, elevID,1,  pos,0,  cmd, goto,1
604.0,Elevator call,603.9342327,7,0,1,0, got allocated to elevator, 0
604.0,Elev,0,  arrived at src, 8, Elevator call,596.1232023,8,0,2,0
604.0, elevID,0,  pos,8,  cmd, goto,7
609.0,Elev,1,  arrived at src, 1, Elevator call,600.931288,1,0,2,1
609.0, elevID,1,  pos,1,  cmd, goto,0
610.0,Elev,0,  arrived at src, 7, Elevator call,603.9342327,7,0,2,0
610.0, elevID,0,  pos,7,  cmd, goto,0
617.0,Elev,0,  arrived at dest, 0, this call is done!, Elevator call,596.1232023,8,0,3,0, Done, dt, 20.876797699999997
617.0,Elev,0,  arrived at dest, 0, this call is done!, Elevator call,603.9342327,7,0,3,0, Done, dt, 13.065767299999948
617.0,Elev,1,  arrived at dest, 0, this call is done!, Elevator call,600.931288,1,0,3,1, Done, dt, 16.068712000000005
618.0,Elevator call,617.9628339,0,3,1,0, got allocated to elevator, 0
618.0,Elev,0,  arrived at src, 0, Elevator call,617.9628339,0,3,2,0
618.0, elevID,0,  pos,0,  cmd, goto,3
620.0,Elevator call,619.6454197,9,0,1,1, got allocated to elevator, 1
620.0, elevID,1,  pos,0,  cmd, goto,9
624.0,Elev,0,  arrived at dest, 3, this call is done!, Elevator call,617.9628339,0,3,3,0, Done, dt, 6.037166100000036
627.0,Elevator call,626.2116172,0,1,1,0, got allocated to elevator, 0
627.0, elevID,0,  pos,3,  cmd, goto,0
629.0,Elev,1,  arrived at src, 9, Elevator call,619.6454197,9,0,2,1
629.0, elevID,1,  pos,9,  cmd, goto,0
633.0,Elev,0,  arrived at src, 0, Elevator call,626.2116172,0,1,2,0
633.0, elevID,0,  pos,0,  cmd, goto,1
638.0,Elev,1,  arrived at dest, 0, this call is done!, Elevator call,619.6454197,9,0,3,1, Done, dt, 18.354580299999952
639.0,Elev,0,  arrived at dest, 1, this call is done!, Elevator call,626.2116172,0,1,3,0, Done, dt, 12.788382800000022
644.0,Elevator call,643.8547515,-1,2,1,0, got allocated to elevator, 0
644.0, elevID,0,  pos,1,  cmd, goto,-1
650.0,Elev,0,  arrived at src, -1, Elevator call,643.8547515,-1,2,2,0
650.0, elevID,0,  pos,-1,  cmd, goto,2
656.0,Elev,0,  arrived at dest, 2, this call is done!, Elevator call,643.8547515,-1,2,3,0, Done, dt, 12.14524849999998
661.0,Elevator call,660.0732908,6,10,1,0, got allocated to elevator, 0
661.0, elevID,0,  pos,2,  cmd, goto,6
662.0,Elevator call,661.042082,-1,3,1,1, got allocated to elevator, 1
662.0, elevID,1,  pos,0,  cmd, goto,-1
663.0,Elevator call,662.1730528,-1,5,1,2, got allocated to elevator, 2
663.0,Elev,2,  arrived at src, -1, Elevator call,662.1730528,-1,5,2,2
663.0, elevID,2,  pos,-1,  cmd, goto,5
666.0,Elevator call,665.1155549,-1,8,1,4, got allocated to elevator, 4
666.0, elevID,4,  pos,0,  cmd, goto,-1
667.0,Elevator call,666.0340295,4,0,1,3, got allocated to elevator, 3
667.0,Elevator call,666.2411587,5,-1,1,0, got allocated to elevator, 0
667.0,Elev,0,  arrived at src, 6, Elevator call,660.0732908,6,10,2,0
667.0, elevID,0,  pos,6,  cmd, goto,10
667.0, elevID,3,  pos,-1,  cmd, goto,4
670.0,Elev,1,  arrived at src, -1, Elevator call,661.042082,-1,3,2,1
670.0, elevID,1,  pos,-1,  cmd, goto,3
673.0,Elevator call,672.6773142,0,-1,1,0, got allocated to elevator, 0
673.0,Elev,0,  arrived at dest, 10, this call is done!, Elevator call,660.0732908,6,10,3,0, Done, dt, 12.926709200000005
673.0, elevID,0,  pos,10,  cmd, goto,5
675.0,Elev,2,  arrived at dest, 5, this call is done!, Elevator call,662.1730528,-1,5,3,2, Done, dt, 12.82694719999995
677.0,Elev,4,  arrived at src, -1, Elevator call,665.1155549,-1,8,2,4
677.0, elevID,4,  pos,-1,  cmd, goto,8
678.0,Elevator call,677.7341948,0,-1,1,1, got allocated to elevator, 1
678.0,Elev,1,  arrived at dest, 3, this call is done!, Elevator call,661.042082,-1,3,3,1, Done, dt, 16.95791799999995
678.0, elevID,1,  pos,3,  cmd, goto,0
678.0,Elev,3,  arrived at src, 4, Elevator call,666.0340295,4,0,2,3
678.0, elevID,3,  pos,4,  cmd, goto,0
679.0,Elevator call,678.9953585,-1,-2,1,0, got allocated to elevator, 0
680.0,Elev,0,  arrived at src, 5, Elevator call,666.2411587,5,-1,2,0
680.0, elevID,0,  pos,5,  cmd, goto,0
686.0,Elev,1,  arrived at src, 0, Elevator call,677.7341948,0,-1,2,1
686.0, elevID,1,  pos,0,  cmd, goto,-1
687.0,Elev,0,  arrived at src, 0, Elevator call,672.6773142,0,-1,2,0
687.0, elevID,0,  pos,0,  cmd, goto,-1
689.0,Elev,3,  arrived at dest, 0, this call is done!, Elevator call,666.0340295,4,0,3,3, Done, dt, 22.965970500000026
690.0,Elev,4,  arrived at dest, 8, this call is done!, Elevator call,665.1155549,-1,8,3,4, Done, dt, 24.884445099999994
693.0,Elev,0,  arrived at dest, -1, this call is done!, Elevator call,666.2411587,5,-1,3,0, Done, dt, 26.758841299999972
693.0,Elev,0,  arrived at dest, -1, this call is done!, Elevator call,672.6773142,0,-1,3,0, Done, dt, 20.322685800000045
693.0,Elev,0,  arrived at src, -1, Elevator call,678.9953585,-1,-2,2,0
693.0, elevID,0,  pos,-1,  cmd, goto,-2
694.0,Elev,1,  arrived at dest, -1, this call is done!, Elevator call,677.7341948,0,-1,3,1, Done, dt, 16.265805200000045
696.0,Elevator call,695.2239882,0,10,1,0, got allocated to elevator, 0
699.0,Elev,0,  arrived at dest, -2, this call is done!, Elevator call,678.9953585,-1,-2,3,0, Done, dt, 20.004641500000048
699.0, elevID,0,  pos,-2,  cmd, goto,0
705.0,Elev,0,  arrived at src, 0, Elevator call,695.2239882,0,10,2,0
705.0, elevID,0,  pos,0,  cmd, goto,10
707.0,Elevator call,706.1583475,-1,-2,1,0, got allocated to elevator, 0
711.0,Elevator call,710.324977,0,1,1,1, got allocated to elevator, 1
711.0, elevID,1,  pos,-1,  cmd, goto,0
712.0,Elev,0,  arrived at dest, 10, this call is done!, Elevator call,695.2239882,0,10,3,0, Done, dt, 16.776011799999992
712.0, elevID,0,  pos,10,  cmd, goto,-1
714.0,Elevator call,713.0191971,1,0,1,0, got allocated to elevator, 0
714.0,Elevator call,713.2499766,10,-1,1,2, got allocated to elevator, 2
, elevID,0,  pos,10,  cmd, stop,1
714.0, elevID,2,  pos,5,  cmd, goto,10
719.0,Elev,0,  arrived at src, 1, Elevator call,713.0191971,1,0,2,0
719.0, elevID,0,  pos,1,  cmd, goto,0
719.0,Elev,1,  arrived at src, 0, Elevator call,710.324977,0,1,2,1
719.0, elevID,1,  pos,0,  cmd, goto,1
723.0,Elevator call,722.6161213,10,0,1,0, got allocated to elevator, 0
725.0,Elev,0,  arrived at dest, 0, this call is done!, Elevator call,713.0191971,1,0,3,0, Done, dt, 11.980802899999958
725.0, elevID,0,  pos,0,  cmd, goto,-1
725.0,Elev,2,  arrived at src, 10, Elevator call,713.2499766,10,-1,2,2
725.0, elevID,2,  pos,10,  cmd, goto,-1
727.0,Elev,1,  arrived at dest, 1, this call is done!, Elevator call,710.324977,0,1,3,1, Done, dt, 16.67502300000001
728.0,Elevator call,727.5146029,-1,0,1,1, got allocated to elevator, 1
728.0, elevID,1,  pos,1,  cmd, goto,-1
731.0,Elev,0,  arrived at src, -1, Elevator call,706.1583475,-1,-2,2,0
731.0, elevID,0,  pos,-1,  cmd, goto,-2
733.0,Elevator call,732.9746341,6,-1,1,0, got allocated to elevator, 0
736.0,Elev,1,  arrived at src, -1, Elevator call,727.5146029,-1,0,2,1
736.0, elevID,1,  pos,-1,  cmd, goto,0
737.0,Elev,0,  arrived at dest, -2, this call is done!, Elevator call,706.1583475,-1,-2,3,0, Done, dt, 30.84165250000001
737.0, elevID,0,  pos,-2,  cmd, goto,6
738.0,Elevator call,737.3147202,1,0,1,1, got allocated to elevator, 1
738.0,Elev,2,  arrived at dest, -1, this call is done!, Elevator call,713.2499766,10,-1,3,2, Done, dt, 24.750023400000032
744.0,Elev,0,  arrived at src, 6, Elevator call,732.9746341,6,-1,2,0
744.0, elevID,0,  pos,6,  cmd, goto,10
744.0,Elev,1,  arrived at dest, 0, this call is done!, Elevator call,727.5146029,-1,0,3,1, Done, dt, 16.4853971
744.0, elevID,1,  pos,0,  cmd, goto,1
750.0,Elev,0,  arrived at src, 10, Elevator call,722.6161213,10,0,2,0
750.0, elevID,0,  pos,10,  cmd, goto,0
752.0,Elev,1,  arrived at src, 1, Elevator call,737.3147202,1,0,2,1
752.0, elevID,1,  pos,1,  cmd, goto,0
757.0,Elev,0,  arrived at dest, 0, this call is done!, Elevator call,722.6161213,10,0,3,0, Done, dt, 34.38387869999997
757.0, elevID,0,  pos,0,  cmd, goto,-1
760.0,Elev,1,  arrived at dest, 0, this call is done!, Elevator call,737.3147202,1,0,3,1, Done, dt, 22.68527979999999
763.0,Elev,0,  arrived at dest, -1, this call is done!, Elevator call,732.9746341,6,-1,3,0, Done, dt, 30.025365899999997
780.0,Elevator call,779.3996914,-1,5,1,0, got allocated to elevator, 0
780.0,Elev,0,  arrived at src, -1, Elevator call,779.3996914,-1,5,2,0
780.0, elevID,0,  pos,-1,  cmd, goto,5
787.0,Elev,0,  arrived at dest, 5, this call is done!, Elevator call,779.3996914,-1,5,3,0, Done, dt, 7.6003085999999485
806.0,Elevator call,805.6754743,-1,-2,1,0, got allocated to elevator, 0
806.0, elevID,0,  pos,5,  cmd, goto,-1
811.0,Elevator call,810.4469089,2,0,1,1, got allocated to elevator, 1
811.0, elevID,1,  pos,0,  cmd, goto,2
813.0,Elev,0,  arrived at src, -1, Elevator call,805.6754743,-1,-2,2,0
813.0, elevID,0,  pos,-1,  cmd, goto,-2
817.0,Elevator call,816.1516998,7,-1,1,0, got allocated to elevator, 0
819.0,Elev,0,  arrived at dest, -2, this call is done!, Elevator call,805.6754743,-1,-2,3,0, Done, dt, 13.324525699999981
819.0, elevID,0,  pos,-2,  cmd, goto,7
819.0,Elev,1,  arrived at src, 2, Elevator call,810.4469089,2,0,2,1
819.0, elevID,1,  pos,2,  cmd, goto,0
826.0,Elevator call,825.4575185,7,0,1,0, got allocated to elevator, 0
826.0,Elev,0,  arrived at src, 7, Elevator call,816.1516998,7,-1,2,0
826.0,Elev,0,  arrived at src, 7, Elevator call,825.4575185,7,0,2,0
826.0, elevID,0,  pos,7,  cmd, goto,0
827.0,Elev,1,  arrived at dest, 0, this call is done!, Elevator call,810.4469089,2,0,3,1, Done, dt, 16.55309109999996
833.0,Elev,0,  arrived at dest, 0, this call is done!, Elevator call,825.4575185,7,0,3,0, Done, dt, 7.542481500000008
833.0, elevID,0,  pos,0,  cmd, goto,-1
839.0,Elev,0,  arrived at dest, -1, this call is done!, Elevator call,816.1516998,7,-1,3,0, Done, dt, 22.84830020000004
840.0,Elevator call,839.8525653,0,1,1,0, got allocated to elevator, 0
840.0, elevID,0,  pos,-1,  cmd, goto,0
846.0,Elev,0,  arrived at src, 0, Elevator call,839.8525653,0,1,2,0
846.0, elevID,0,  pos,0,  cmd, goto,1
852.0,Elev,0,  arrived at dest, 1, this call is done!, Elevator call,839.8525653,0,1,3,0, Done, dt, 12.147434699999963
855.0,Elevator call,854.2002278,6,-1,1,0, got allocated to elevator, 0
855.0, elevID,0,  pos,1,  cmd, goto,6
862.0,Elev,0,  arrived at src, 6, Elevator call,854.2002278,6,-1,2,0
862.0, elevID,0,  pos,6,  cmd, goto,-1
864.0,Elevator call,863.8932913,0,-1,1,0, got allocated to elevator, 0
, elevID,0,  pos,6,  cmd, stop,0
869.0,Elev,0,  arrived at src, 0, Elevator call,863.8932913,0,-1,2,0
869.0, elevID,0,  pos,0,  cmd, goto,-1
871.0,Elevator call,870.5053024,0,7,1,0, got allocated to elevator, 0
, elevID,0,  pos,0,  cmd, stop,0
875.0,Elev,0,  arrived at src, 0, Elevator call,870.5053024,0,7,2,0
875.0, elevID,0,  pos,0,  cmd, goto,-1
881.0,Elev,0,  arrived at dest, -1, this call is done!, Elevator call,854.2002278,6,-1,3,0, Done, dt, 26.799772200000007
881.0,Elev,0,  arrived at dest, -1, this call is done!, Elevator call,863.8932913,0,-1,3,0, Done, dt, 17.106708700000013
881.0, elevID,0,  pos,-1,  cmd, goto,7
887.0,Elevator call,886.5649993,-1,-2,1,0, got allocated to elevator, 0
888.0,Elev,0,  arrived at dest, 7, this call is done!, Elevator call,870.5053024,0,7,3,0, Done, dt, 17.494697599999995
888.0, elevID,0,  pos,7,  cmd, goto,-1
893.0,Elevator call,892.5212151,9,-1,1,0, got allocated to elevator, 0
895.0,Elev,0,  arrived at src, -1, Elevator call,886.5649993,-1,-2,2,0
895.0, elevID,0,  pos,-1,  cmd, goto,-2
901.0,Elev,0,  arrived at dest, -2, this call is done!, Elevator call,886.5649993,-1,-2,3,0, Done, dt, 14.435000700000046
901.0, elevID,0,  pos,-2,  cmd, goto,9
908.0,Elev,0,  arrived at src, 9, Elevator call,892.5212151,9,-1,2,0
908.0, elevID,0,  pos,9,  cmd, goto,-1
911.0,Elevator call,910.5388559,6,5,1,0, got allocated to elevator, 0
, elevID,0,  pos,7,  cmd, stop,6
914.0,Elev,0,  arrived at src, 6, Elevator call,910.5388559,6,5,2,0
914.0, elevID,0,  pos,6,  cmd, goto,5
916.0,Elevator call,915.9490575,4,-1,1,1, got allocated to elevator, 1
916.0, elevID,1,  pos,0,  cmd, goto,4
920.0,Elev,0,  arrived at dest, 5, this call is done!, Elevator call,910.5388559,6,5,3,0, Done, dt, 9.461144099999956
920.0, elevID,0,  pos,5,  cmd, goto,-1
924.0,Elev,1,  arrived at src, 4, Elevator call,915.9490575,4,-1,2,1
924.0, elevID,1,  pos,4,  cmd, goto,-1
927.0,Elev,0,  arrived at dest, -1, this call is done!, Elevator call,892.5212151,9,-1,3,0, Done, dt, 34.47878490000005
932.0,Elev,1,  arrived at dest, -1, this call is done!, Elevator call,915.9490575,4,-1,3,1, Done, dt, 16.05094250000002
934.0,Elevator call,933.8580452,7,5,1,0, got allocated to elevator, 0
934.0, elevID,0,  pos,-1,  cmd, goto,7
941.0,Elev,0,  arrived at src, 7, Elevator call,933.8580452,7,5,2,0
941.0, elevID,0,  pos,7,  cmd, goto,5
947.0,Elev,0,  arrived at dest, 5, this call is done!, Elevator call,933.8580452,7,5,3,0, Done, dt, 13.141954800000008
962.0,Elevator call,961.6862856,6,-1,1,0, got allocated to elevator, 0
962.0, elevID,0,  pos,5,  cmd, goto,6
968.0,Elev,0,  arrived at src, 6, Elevator call,961.6862856,6,-1,2,0
968.0, elevID,0,  pos,6,  cmd, goto,-1
973.0,Elevator call,972.8032126,1,0,1,0, got allocated to elevator, 0
975.0,Elev,0,  arrived at dest, -1, this call is done!, Elevator call,961.6862856,6,-1,3,0, Done, dt, 13.31371439999998
975.0, elevID,0,  pos,-1,  cmd, goto,1
976.0,Elevator call,975.8361203,0,-1,1,1, got allocated to elevator, 1
976.0, elevID,1,  pos,-1,  cmd, goto,0
979.0,Elevator call,978.5925149,10,0,1,0, got allocated to elevator, 0
979.0,Elevator call,978.6210501,10,-1,1,2, got allocated to elevator, 2
979.0, elevID,2,  pos,-1,  cmd, goto,10
981.0,Elev,0,  arrived at src, 1, Elevator call,972.8032126,1,0,2,0
981.0, elevID,0,  pos,1,  cmd, goto,10
984.0,Elev,1,  arrived at src, 0, Elevator call,975.8361203,0,-1,2,1
984.0, elevID,1,  pos,0,  cmd, goto,-1
985.0,Elevator call,984.1840186,7,0,1,1, got allocated to elevator, 1
988.0,Elev,0,  arrived at src, 10, Elevator call,978.5925149,10,0,2,0
988.0, elevID,0,  pos,10,  cmd, goto,0
992.0,Elev,1,  arrived at dest, -1, this call is done!, Elevator call,975.8361203,0,-1,3,1, Done, dt, 16.163879700000052
992.0, elevID,1,  pos,-1,  cmd, goto,7
992.0,Elev,2,  arrived at src, 10, Elevator call,978.6210501,10,-1,2,2
992.0, elevID,2,  pos,10,  cmd, goto,-1
995.0,Elev,0,  arrived at dest, 0, this call is done!, Elevator call,972.8032126,1,0,3,0, Done, dt, 22.19678739999995
995.0,Elev,0,  arrived at dest, 0, this call is done!, Elevator call,978.5925149,10,0,3,0, Done, dt, 16.40748510000003
1001.0,Elev,1,  arrived at src, 7, Elevator call,984.1840186,7,0,2,1
1001.0, elevID,1,  pos,7,  cmd, goto,0
1005.0,Elev,2,  arrived at dest, -1, this call is done!, Elevator call,978.6210501,10,-1,3,2, Done, dt, 26.378949899999952
1010.0,Elev,1,  arrived at dest, 0, this call is done!, Elevator call,984.1840186,7,0,3,1, Done, dt, 25.815981400000055
1011.0,************* Simulation Ended ************
Code Owners,212831879,  Building_file,/Users/ofirrubin/PycharmProjects/OOP-Ex1/Ex1_input/Ex1_Buildings/B5.json,  Calls,/Users/ofirrubin/PycharmProjects/OOP-Ex1/Ex1_output/b5_cA.csv
Total waiting time: 1643.0,  average waiting time per call: 16.43,  unCompleted calls,0,  certificate, -80298277
